2025-11-07 14:54:16,791 [INFO] Activator:176 - 


2025-11-07 14:54:16,794 [INFO] Activator:177 - !SESSION log4j initialized
2025-11-07 14:54:19,925 [INFO] LogOutputStream:77 - [STDOUT_REDIRECT] 
2025-11-07 14:54:20,839 [INFO] ApplicationProperties:184 - Using Application install path: /opt/st/stm32cubeide_1.19.0/plugins/com.st.stm32cube.common.mx_6.15.0.202507011659
2025-11-07 14:54:20,850 [INFO] DbMcusXml:78 - Set database path to: /opt/st/stm32cubeide_1.19.0/plugins/com.st.stm32cube.common.mx_6.15.0.202507011659//db//mcu/
2025-11-07 14:54:20,851 [INFO] ApiDb:274 - Set plugin database path to: /opt/st/stm32cubeide_1.19.0/plugins/com.st.stm32cube.common.mx_6.15.0.202507011659//db//plugins/boardmanager/
2025-11-07 14:54:20,851 [WARN] ApiDb:259 - Overriding images path with different value:  => /opt/st/stm32cubeide_1.19.0/plugins/com.st.stm32cube.common.mx_6.15.0.202507011659//db//plugins/mcufinder/images/
2025-11-07 14:54:20,857 [INFO] ApiDb:250 - Set database path to: /home/stellarbeing22/.stmcufinder/plugins/mcufinder//mcu/
2025-11-07 14:54:20,858 [INFO] DbMcusAds:125 - Set database path to: /home/stellarbeing22/.stmcufinder/plugins/mcufinder//mcu/
2025-11-07 14:54:20,859 [INFO] CrossReferenceDbSqlite:203 - Set database path to: /home/stellarbeing22/.stmcufinder/plugins/mcufinder//mcu/cs/
2025-11-07 14:54:20,935 [INFO] RulesReader:64 - Compatibility file has been processed (317 Rules)
2025-11-07 14:54:20,982 [INFO] DbMcusXml:78 - Set database path to: /opt/st/stm32cubeide_1.19.0/plugins/com.st.stm32cube.common.mx_6.15.0.202507011659//db//mcu/
2025-11-07 14:54:20,982 [INFO] ApiDb:274 - Set plugin database path to: /opt/st/stm32cubeide_1.19.0/plugins/com.st.stm32cube.common.mx_6.15.0.202507011659//db//plugins/boardmanager/
2025-11-07 14:54:20,983 [INFO] ApiDb:261 - Set plugin images path to: /opt/st/stm32cubeide_1.19.0/plugins/com.st.stm32cube.common.mx_6.15.0.202507011659//db//plugins/mcufinder/images/
2025-11-07 14:54:20,983 [WARN] DbFile:41 - Overriding database path with different value: /home/stellarbeing22/.stmcufinder/plugins/mcufinder/ => /home/stellarbeing22/.stmcufinder/plugins/mcufinder
2025-11-07 14:54:20,983 [INFO] ApiDb:250 - Set database path to: /home/stellarbeing22/.stmcufinder/plugins/mcufinder//mcu/
2025-11-07 14:54:20,983 [WARN] DbFile:41 - Overriding database path with different value: /home/stellarbeing22/.stmcufinder/plugins/mcufinder/ => /home/stellarbeing22/.stmcufinder/plugins/mcufinder
2025-11-07 14:54:20,983 [INFO] DbMcusAds:125 - Set database path to: /home/stellarbeing22/.stmcufinder/plugins/mcufinder//mcu/
2025-11-07 14:54:20,983 [WARN] DbFile:41 - Overriding database path with different value: /home/stellarbeing22/.stmcufinder/plugins/mcufinder/ => /home/stellarbeing22/.stmcufinder/plugins/mcufinder
2025-11-07 14:54:20,983 [WARN] DbFile:41 - Overriding database path with different value: /home/stellarbeing22/.stmcufinder/plugins/mcufinder/ => /home/stellarbeing22/.stmcufinder/plugins/mcufinder
2025-11-07 14:54:20,983 [INFO] CrossReferenceDbSqlite:203 - Set database path to: /home/stellarbeing22/.stmcufinder/plugins/mcufinder//mcu/cs/
2025-11-07 14:54:21,047 [INFO] MainPanel:274 - HeapMemory: 270532608
2025-11-07 14:54:21,133 [INFO] DbMcusXml:78 - Set database path to: /opt/st/stm32cubeide_1.19.0/plugins/com.st.stm32cube.common.mx_6.15.0.202507011659//db//mcu/
2025-11-07 14:54:21,133 [INFO] ApiDb:274 - Set plugin database path to: /opt/st/stm32cubeide_1.19.0/plugins/com.st.stm32cube.common.mx_6.15.0.202507011659//db//plugins/boardmanager/
2025-11-07 14:54:21,133 [INFO] ApiDb:261 - Set plugin images path to: /opt/st/stm32cubeide_1.19.0/plugins/com.st.stm32cube.common.mx_6.15.0.202507011659//db//plugins/mcufinder/images/
2025-11-07 14:54:21,133 [WARN] DbFile:41 - Overriding database path with different value: /home/stellarbeing22/.stmcufinder/plugins/mcufinder/ => /home/stellarbeing22/.stmcufinder/plugins/mcufinder
2025-11-07 14:54:21,133 [INFO] ApiDb:250 - Set database path to: /home/stellarbeing22/.stmcufinder/plugins/mcufinder//mcu/
2025-11-07 14:54:21,133 [WARN] DbFile:41 - Overriding database path with different value: /home/stellarbeing22/.stmcufinder/plugins/mcufinder/ => /home/stellarbeing22/.stmcufinder/plugins/mcufinder
2025-11-07 14:54:21,133 [INFO] DbMcusAds:125 - Set database path to: /home/stellarbeing22/.stmcufinder/plugins/mcufinder//mcu/
2025-11-07 14:54:21,133 [WARN] DbFile:41 - Overriding database path with different value: /home/stellarbeing22/.stmcufinder/plugins/mcufinder/ => /home/stellarbeing22/.stmcufinder/plugins/mcufinder
2025-11-07 14:54:21,134 [WARN] DbFile:41 - Overriding database path with different value: /home/stellarbeing22/.stmcufinder/plugins/mcufinder/ => /home/stellarbeing22/.stmcufinder/plugins/mcufinder
2025-11-07 14:54:21,134 [INFO] CrossReferenceDbSqlite:203 - Set database path to: /home/stellarbeing22/.stmcufinder/plugins/mcufinder//mcu/cs/
2025-11-07 14:54:21,149 [INFO] ApplicationProperties:184 - Using Application install path: /opt/st/stm32cubeide_1.19.0/plugins/com.st.stm32cube.common.mx_6.15.0.202507011659
2025-11-07 14:54:21,150 [INFO] PluginManage:196 - Search for loadable plugins [exclusion list=, ]
2025-11-07 14:54:21,151 [INFO] PluginManage:310 - Check plugin analytics
2025-11-07 14:54:21,294 [INFO] AnalyticsPlugin:253 - Accepted Software Licenses: 
2025-11-07 14:54:21,294 [INFO] AnalyticsPlugin:255 - Accepted CMSIS Pack Licenses: 
2025-11-07 14:54:21,294 [INFO] AnalyticsPlugin:257 - Accepted Firmware Licenses: 
2025-11-07 14:54:21,296 [INFO] PluginManage:359 - Loaded plugin analytics (category:tool,tabindex:-1)
2025-11-07 14:54:21,296 [INFO] PluginManage:310 - Check plugin cadmodel
2025-11-07 14:54:21,303 [INFO] CADModel:105 - Init CAD model plugin
2025-11-07 14:54:21,303 [INFO] PluginManage:359 - Loaded plugin cadmodel (category:power,tabindex:5)
2025-11-07 14:54:21,303 [INFO] PluginManage:310 - Check plugin clock
2025-11-07 14:54:21,314 [INFO] PluginManage:359 - Loaded plugin clock (category:base,tabindex:2)
2025-11-07 14:54:21,314 [INFO] PluginManage:310 - Check plugin ddr
2025-11-07 14:54:21,317 [INFO] PluginManage:359 - Loaded plugin ddr (category:tool,tabindex:6)
2025-11-07 14:54:21,317 [INFO] PluginManage:310 - Check plugin filemanager
2025-11-07 14:54:21,441 [INFO] PluginManage:359 - Loaded plugin filemanager (category:base,tabindex:10)
2025-11-07 14:54:21,441 [INFO] PluginManage:310 - Check plugin ipmanager
2025-11-07 14:54:21,447 [INFO] PluginManage:359 - Loaded plugin ipmanager (category:base,tabindex:5)
2025-11-07 14:54:21,447 [INFO] PluginManage:310 - Check plugin lpbam
2025-11-07 14:54:21,454 [INFO] PluginManage:359 - Loaded plugin lpbam (category:base,tabindex:0)
2025-11-07 14:54:21,454 [INFO] PluginManage:310 - Check plugin memorymap
2025-11-07 14:54:21,466 [INFO] PluginManage:359 - Loaded plugin memorymap (category:base,tabindex:4)
2025-11-07 14:54:21,467 [INFO] PluginManage:310 - Check plugin pinoutandconfiguration
2025-11-07 14:54:21,476 [INFO] PluginManage:359 - Loaded plugin pinoutandconfiguration (category:base,tabindex:1)
2025-11-07 14:54:21,476 [INFO] PluginManage:310 - Check plugin pinoutconfig
2025-11-07 14:54:21,554 [WARN] SupportedApi:132 - Cannot load RTOS API schema: s4s-elt-must-match.1: The content of 'definitions' must match (annotation?, (simpleType | complexType)?, (unique | key | keyref)*)). A problem was found starting at: attribute.
2025-11-07 14:54:21,666 [INFO] PluginManage:359 - Loaded plugin pinoutconfig (category:base,tabindex:0)
2025-11-07 14:54:21,666 [INFO] PluginManage:310 - Check plugin power
2025-11-07 14:54:21,676 [INFO] PluginManage:359 - Loaded plugin power (category:power,tabindex:4)
2025-11-07 14:54:21,676 [INFO] PluginManage:310 - Check plugin projectmanager
2025-11-07 14:54:21,690 [INFO] PluginManage:359 - Loaded plugin projectmanager (category:projectmanager,tabindex:4)
2025-11-07 14:54:21,690 [INFO] PluginManage:310 - Check plugin rif
2025-11-07 14:54:21,699 [INFO] PluginManage:359 - Loaded plugin rif (category:base,tabindex:3)
2025-11-07 14:54:21,699 [INFO] PluginManage:310 - Check plugin thirdparty
2025-11-07 14:54:21,808 [INFO] PluginManage:359 - Loaded plugin thirdparty (category:base,tabindex:-1)
2025-11-07 14:54:21,808 [WARN] IntegrityCheckThread:84 - waiting for thirdparty lock release [integrity check]
2025-11-07 14:54:21,809 [INFO] PluginManage:310 - Check plugin tools
2025-11-07 14:54:21,809 [INFO] IntegrityCheckThread:86 - entering critical section [integrity check]
2025-11-07 14:54:21,809 [INFO] ThirdPartyUpdaterWithRetryManager:70 - Updater plugin not ready yet. [1/15]
2025-11-07 14:54:21,811 [INFO] PluginManage:359 - Loaded plugin tools (category:base,tabindex:7)
2025-11-07 14:54:21,811 [INFO] PluginManage:310 - Check plugin tutovideos
2025-11-07 14:54:21,975 [INFO] PluginManage:359 - Loaded plugin tutovideos (category:base,tabindex:-1)
2025-11-07 14:54:21,975 [INFO] PluginManage:310 - Check plugin updater
2025-11-07 14:54:21,995 [INFO] PluginManage:359 - Loaded plugin updater (category:base,tabindex:12)
2025-11-07 14:54:21,995 [INFO] PluginManage:310 - Check plugin userauth
2025-11-07 14:54:21,998 [INFO] UserAuth:118 - Init User Auth plugin
2025-11-07 14:54:21,999 [INFO] PluginManage:359 - Loaded plugin userauth (category:base,tabindex:14)
2025-11-07 14:54:21,999 [INFO] PluginManage:283 - PluginManage : Loaded plugins [18]
2025-11-07 14:54:22,130 [INFO] PinOutPanel:1589 - setPackage(No Configuration,No Configuration)
2025-11-07 14:54:22,179 [INFO] CADModel:165 - CPN selected for project level
2025-11-07 14:54:22,179 [INFO] CADModel:114 - Register for checkConnection events
2025-11-07 14:54:22,189 [INFO] IPUIPlugin:80 - create IPUIPlugin
2025-11-07 14:54:22,189 [INFO] PluginManager:220 - loadIPPluginJar : add i2c
2025-11-07 14:54:22,191 [INFO] IPUIPlugin:80 - create IPUIPlugin
2025-11-07 14:54:22,191 [INFO] PluginManager:220 - loadIPPluginJar : add dfsdm
2025-11-07 14:54:22,193 [INFO] IPUIPlugin:80 - create IPUIPlugin
2025-11-07 14:54:22,193 [INFO] PluginManager:220 - loadIPPluginJar : add extmemmanager
2025-11-07 14:54:22,198 [INFO] IPUIPlugin:80 - create IPUIPlugin
2025-11-07 14:54:22,198 [INFO] PluginManager:220 - loadIPPluginJar : add freertos
2025-11-07 14:54:22,199 [INFO] IPUIPlugin:80 - create IPUIPlugin
2025-11-07 14:54:22,199 [INFO] PluginManager:220 - loadIPPluginJar : add quadspi
2025-11-07 14:54:22,202 [INFO] IPUIPlugin:80 - create IPUIPlugin
2025-11-07 14:54:22,202 [INFO] PluginManager:220 - loadIPPluginJar : add gpio
2025-11-07 14:54:22,207 [INFO] IPUIPlugin:80 - create IPUIPlugin
2025-11-07 14:54:22,207 [INFO] PluginManager:220 - loadIPPluginJar : add gic
2025-11-07 14:54:22,214 [INFO] IPUIPlugin:80 - create IPUIPlugin
2025-11-07 14:54:22,215 [INFO] PluginManager:220 - loadIPPluginJar : add dma
2025-11-07 14:54:22,218 [INFO] IPUIPlugin:80 - create IPUIPlugin
2025-11-07 14:54:22,218 [INFO] PluginManager:220 - loadIPPluginJar : add cryp
2025-11-07 14:54:22,222 [INFO] IPUIPlugin:80 - create IPUIPlugin
2025-11-07 14:54:22,222 [INFO] PluginManager:220 - loadIPPluginJar : add gtzc
2025-11-07 14:54:22,225 [INFO] IPUIPlugin:80 - create IPUIPlugin
2025-11-07 14:54:22,225 [INFO] PluginManager:220 - loadIPPluginJar : add aes
2025-11-07 14:54:22,227 [INFO] IPUIPlugin:80 - create IPUIPlugin
2025-11-07 14:54:22,228 [INFO] PluginManager:220 - loadIPPluginJar : add spi
2025-11-07 14:54:22,236 [INFO] IPUIPlugin:80 - create IPUIPlugin
2025-11-07 14:54:22,236 [INFO] PluginManager:220 - loadIPPluginJar : add linkedlist
2025-11-07 14:54:22,243 [INFO] IPUIPlugin:80 - create IPUIPlugin
2025-11-07 14:54:22,246 [INFO] PluginManager:220 - loadIPPluginJar : add plateformsettings
2025-11-07 14:54:22,250 [INFO] IPUIPlugin:80 - create IPUIPlugin
2025-11-07 14:54:22,250 [INFO] PluginManager:220 - loadIPPluginJar : add touchsensing
2025-11-07 14:54:22,255 [INFO] IPUIPlugin:80 - create IPUIPlugin
2025-11-07 14:54:22,255 [INFO] PluginManager:220 - loadIPPluginJar : add resmgrutility
2025-11-07 14:54:22,257 [INFO] IPUIPlugin:80 - create IPUIPlugin
2025-11-07 14:54:22,257 [INFO] PluginManager:220 - loadIPPluginJar : add tracer_emb
2025-11-07 14:54:22,258 [INFO] IPUIPlugin:80 - create IPUIPlugin
2025-11-07 14:54:22,259 [INFO] PluginManager:220 - loadIPPluginJar : add can
2025-11-07 14:54:22,260 [INFO] IPUIPlugin:80 - create IPUIPlugin
2025-11-07 14:54:22,260 [INFO] PluginManager:220 - loadIPPluginJar : add radio
2025-11-07 14:54:22,263 [INFO] IPUIPlugin:80 - create IPUIPlugin
2025-11-07 14:54:22,263 [INFO] PluginManager:220 - loadIPPluginJar : add pdm2pcm
2025-11-07 14:54:22,265 [INFO] IPUIPlugin:80 - create IPUIPlugin
2025-11-07 14:54:22,266 [INFO] PluginManager:220 - loadIPPluginJar : add ddr_ctrl_phy
2025-11-07 14:54:22,267 [INFO] IPUIPlugin:80 - create IPUIPlugin
2025-11-07 14:54:22,268 [INFO] PluginManager:220 - loadIPPluginJar : add usart
2025-11-07 14:54:22,271 [INFO] IPUIPlugin:80 - create IPUIPlugin
2025-11-07 14:54:22,271 [INFO] PluginManager:220 - loadIPPluginJar : add ipddr
2025-11-07 14:54:22,273 [INFO] IPUIPlugin:80 - create IPUIPlugin
2025-11-07 14:54:22,273 [INFO] PluginManager:220 - loadIPPluginJar : add i2s
2025-11-07 14:54:22,279 [INFO] IPUIPlugin:80 - create IPUIPlugin
2025-11-07 14:54:22,279 [INFO] PluginManager:220 - loadIPPluginJar : add stm32_wpan
2025-11-07 14:54:22,280 [INFO] IPUIPlugin:80 - create IPUIPlugin
2025-11-07 14:54:22,280 [INFO] PluginManager:220 - loadIPPluginJar : add opamp
2025-11-07 14:54:22,281 [INFO] IPUIPlugin:80 - create IPUIPlugin
2025-11-07 14:54:22,282 [INFO] PluginManager:220 - loadIPPluginJar : add ucpd
2025-11-07 14:54:22,284 [INFO] IPUIPlugin:80 - create IPUIPlugin
2025-11-07 14:54:22,284 [INFO] PluginManager:220 - loadIPPluginJar : add i3c
2025-11-07 14:54:22,288 [INFO] IPUIPlugin:80 - create IPUIPlugin
2025-11-07 14:54:22,288 [INFO] PluginManager:220 - loadIPPluginJar : add mdma
2025-11-07 14:54:22,290 [INFO] IPUIPlugin:80 - create IPUIPlugin
2025-11-07 14:54:22,291 [INFO] PluginManager:220 - loadIPPluginJar : add gfxmmu
2025-11-07 14:54:22,292 [INFO] IPUIPlugin:80 - create IPUIPlugin
2025-11-07 14:54:22,292 [INFO] PluginManager:220 - loadIPPluginJar : add ts
2025-11-07 14:54:22,293 [INFO] IPUIPlugin:80 - create IPUIPlugin
2025-11-07 14:54:22,293 [INFO] PluginManager:220 - loadIPPluginJar : add tsc
2025-11-07 14:54:22,294 [INFO] IPUIPlugin:80 - create IPUIPlugin
2025-11-07 14:54:22,294 [INFO] PluginManager:220 - loadIPPluginJar : add genericplugin
2025-11-07 14:54:22,296 [INFO] IPUIPlugin:80 - create IPUIPlugin
2025-11-07 14:54:22,296 [INFO] PluginManager:220 - loadIPPluginJar : add hash
2025-11-07 14:54:22,299 [INFO] IPUIPlugin:80 - create IPUIPlugin
2025-11-07 14:54:22,299 [INFO] PluginManager:220 - loadIPPluginJar : add nvic
2025-11-07 14:54:22,302 [INFO] IPUIPlugin:80 - create IPUIPlugin
2025-11-07 14:54:22,302 [INFO] PluginManager:220 - loadIPPluginJar : add fmc
2025-11-07 14:54:22,304 [INFO] IPUIPlugin:80 - create IPUIPlugin
2025-11-07 14:54:22,304 [INFO] PluginManager:220 - loadIPPluginJar : add lorawan
2025-11-07 14:54:22,306 [INFO] IPUIPlugin:80 - create IPUIPlugin
2025-11-07 14:54:22,306 [INFO] PluginManager:220 - loadIPPluginJar : add usbx
2025-11-07 14:54:22,307 [INFO] IPUIPlugin:80 - create IPUIPlugin
2025-11-07 14:54:22,307 [INFO] PluginManager:220 - loadIPPluginJar : add fatfs
2025-11-07 14:54:22,308 [INFO] IPUIPlugin:80 - create IPUIPlugin
2025-11-07 14:54:22,308 [INFO] PluginManager:220 - loadIPPluginJar : add openamp
2025-11-07 14:54:22,309 [INFO] IPUIPlugin:80 - create IPUIPlugin
2025-11-07 14:54:22,309 [INFO] PluginManager:220 - loadIPPluginJar : add comp
2025-11-07 14:54:22,311 [INFO] IPUIPlugin:80 - create IPUIPlugin
2025-11-07 14:54:22,311 [INFO] PluginManager:220 - loadIPPluginJar : add tim
2025-11-07 14:54:22,313 [INFO] IPUIPlugin:80 - create IPUIPlugin
2025-11-07 14:54:22,314 [INFO] PluginManager:220 - loadIPPluginJar : add sai
2025-11-07 14:54:22,314 [INFO] IPUIPlugin:80 - create IPUIPlugin
2025-11-07 14:54:22,314 [INFO] PluginManager:220 - loadIPPluginJar : add ltdc
2025-11-07 14:54:22,316 [INFO] IPUIPlugin:80 - create IPUIPlugin
2025-11-07 14:54:22,316 [INFO] PluginManager:220 - loadIPPluginJar : add dma3
2025-11-07 14:54:22,321 [INFO] IPUIPlugin:80 - create IPUIPlugin
2025-11-07 14:54:22,321 [INFO] PluginManager:220 - loadIPPluginJar : add adc
2025-11-07 14:54:22,419 [FATAL] Updater:351 - Updater called before beeing initialized
2025-11-07 14:54:22,439 [INFO] RulesReader:64 - Compatibility file has been processed (317 Rules)
2025-11-07 14:54:22,447 [INFO] RulesReader:64 - Compatibility file has been processed (317 Rules)
2025-11-07 14:54:22,454 [INFO] CADModel:165 - CPN selected for project level
2025-11-07 14:54:22,454 [INFO] CADModel:114 - Register for checkConnection events
2025-11-07 14:54:22,454 [FATAL] Updater:351 - Updater called before beeing initialized
2025-11-07 14:54:22,454 [ERROR] CADModel:125 - Updater not yet initialized, retry later 
2025-11-07 14:54:22,564 [FATAL] Updater:351 - Updater called before beeing initialized
2025-11-07 14:54:22,565 [INFO] CADModel:165 - CPN selected for project level
2025-11-07 14:54:22,566 [INFO] CADModel:114 - Register for checkConnection events
2025-11-07 14:54:22,566 [FATAL] Updater:351 - Updater called before beeing initialized
2025-11-07 14:54:22,566 [ERROR] CADModel:125 - Updater not yet initialized, retry later 
2025-11-07 14:54:22,569 [FATAL] Updater:351 - Updater called before beeing initialized
2025-11-07 14:54:22,629 [FATAL] Updater:351 - Updater called before beeing initialized
2025-11-07 14:54:22,632 [INFO] DbMcusAds:53 - JSON generation date=Tue Jul 08 13:44:23 IST 2025 (1751962463524)
2025-11-07 14:54:22,632 [FATAL] Updater:351 - Updater called before beeing initialized
2025-11-07 14:54:22,655 [WARN] DetailPanel:346 - Failed to get advertising image, set to default
2025-11-07 14:54:22,706 [FATAL] Updater:351 - Updater called before beeing initialized
2025-11-07 14:54:22,708 [FATAL] Updater:351 - Updater called before beeing initialized
2025-11-07 14:54:22,708 [FATAL] Updater:351 - Updater called before beeing initialized
2025-11-07 14:54:22,708 [WARN] DetailPanel:346 - Failed to get advertising image, set to default
2025-11-07 14:54:22,709 [FATAL] Updater:351 - Updater called before beeing initialized
2025-11-07 14:54:22,730 [ERROR] Updater:1198 - MainUpdater not yet initialized. External WinMGr cannot be set.
2025-11-07 14:54:22,731 [INFO] Updater:1134 - Updater Version found : 6.15.0
2025-11-07 14:54:22,742 [INFO] ApplicationProperties:184 - Using Application install path: /opt/st/stm32cubeide_1.19.0/plugins/com.st.stm32cube.common.mx_6.15.0.202507011659
2025-11-07 14:54:22,749 [ERROR] LogOutputStream:75 - [STDERR_REDIRECT] Nov 07, 2025 2:54:22 PM java.util.prefs.FileSystemPreferences$2 run
2025-11-07 14:54:22,750 [ERROR] LogOutputStream:75 - [STDERR_REDIRECT] WARNING: Could not create system preferences directory. System preferences are unusable.
2025-11-07 14:54:22,750 [ERROR] LogOutputStream:75 - [STDERR_REDIRECT] 
2025-11-07 14:54:24,000 [INFO] MainUpdater:2872 - connection check result : 10
2025-11-07 14:54:24,000 [INFO] MainUpdater:3604 - Updater definition file requires update
2025-11-07 14:54:24,001 [INFO] MainUpdater:289 - Updater Check For Update Now.
2025-11-07 14:54:24,001 [INFO] MicroXplorer:498 - Change Database Version : DB.6.0.150
2025-11-07 14:54:24,005 [INFO] McuFinderGlobals:63 - Set McuFinder mode to 2 (CubeIDE integrated)
2025-11-07 14:54:24,006 [INFO] UserAuth:171 - activating auth plugin
2025-11-07 14:54:24,009 [INFO] UserAuth:487 - Internet connection configuration mode: 1
2025-11-07 14:54:24,030 [INFO] JxBrowserEngine:152 - Initiate JxBrowser Engine with user profile folder
2025-11-07 14:54:24,810 [WARN] MainUpdater:1193 - Updater busy. Cannot search thirdparties
2025-11-07 14:54:24,810 [INFO] ThirdPartyUpdaterWithRetryManager:96 - Updater plugin is busy. [1/15]
2025-11-07 14:54:25,608 [INFO] ServerAccessManage:452 - Complete download http(s) 200
2025-11-07 14:54:25,610 [INFO] ServerAccessManage:509 - Download File updaters.zip
2025-11-07 14:54:25,842 [INFO] WebApp:169 - Instantiating new browser for Auth
2025-11-07 14:54:25,920 [INFO] FileExtend:248 - Unzip File : updaters.zip
2025-11-07 14:54:25,920 [INFO] FileExtend:263 - Standard Zip Deflate
2025-11-07 14:54:26,838 [INFO] ServerAccessManage:452 - Complete download http(s) 200
2025-11-07 14:54:26,839 [INFO] ServerAccessManage:509 - Download File PacksControlFlags.xml
2025-11-07 14:54:27,277 [INFO] WebApp:463 - Apply proxy settings
2025-11-07 14:54:27,278 [INFO] WebApp:548 - Chromium requires no authentication
2025-11-07 14:54:27,292 [INFO] WebApp:491 - Direct internet connection detected
2025-11-07 14:54:27,328 [INFO] WebApp:900 - Register for checkConnection events
2025-11-07 14:54:27,328 [INFO] WebApp:463 - Apply proxy settings
2025-11-07 14:54:27,329 [INFO] WebApp:548 - Chromium requires no authentication
2025-11-07 14:54:27,330 [INFO] WebApp:491 - Direct internet connection detected
2025-11-07 14:54:27,348 [INFO] ServerAccessManage:452 - Complete download http(s) 200
2025-11-07 14:54:27,348 [INFO] ServerAccessManage:509 - Download File cubemx.pidx
2025-11-07 14:54:27,603 [INFO] WebApp:225 - Starting web application
2025-11-07 14:54:27,603 [INFO] WebApp:593 - Web application path used /opt/st/stm32cubeide_1.19.0/plugins/com.st.stm32cube.common.mx_6.15.0.202507011659/db/plugins/mcufinder/reactClient1/index.html
2025-11-07 14:54:27,811 [WARN] MainUpdater:1193 - Updater busy. Cannot search thirdparties
2025-11-07 14:54:27,811 [INFO] ThirdPartyUpdaterWithRetryManager:96 - Updater plugin is busy. [2/15]
2025-11-07 14:54:28,097 [INFO] WebApp:191 - Connection restablished
2025-11-07 14:54:30,305 [INFO] ServerAccessManage:452 - Complete download http(s) 200
2025-11-07 14:54:30,306 [INFO] ServerAccessManage:509 - Download File Avnet-IOTCONNECT.X-CUBE-iotc-st67-sdk.pdsc
2025-11-07 14:54:30,812 [WARN] MainUpdater:1193 - Updater busy. Cannot search thirdparties
2025-11-07 14:54:30,812 [INFO] ThirdPartyUpdaterWithRetryManager:96 - Updater plugin is busy. [3/15]
2025-11-07 14:54:30,915 [INFO] PopulateThirdPartyThread:66 - Ending populate Thread
2025-11-07 14:54:30,917 [INFO] ThirdParty:1030 - CMSIS Pack Vendor :Avnet-IOTCONNECT X-CUBE-iotc-st67-sdk 1.0.0
2025-11-07 14:54:30,917 [INFO] LoadServerUpdatesThread:375 - End of LoadServerUpdate Thread
2025-11-07 14:54:31,066 [INFO] CheckServerUpdateThread:120 - End of CheckServer Thread
2025-11-07 14:54:34,029 [WARN] PackLoader:240 - Cannot read IP mode file for STMicroelectronics.FP-SNS-MOTENVWB1.1.4.0
2025-11-07 14:54:34,040 [WARN] PackLoader:240 - Cannot read IP mode file for STMicroelectronics.FP-ATR-ASTRA1.2.0.2
2025-11-07 14:54:34,051 [WARN] PackLoader:240 - Cannot read IP mode file for STMicroelectronics.X-CUBE-SMBUS.2.1.0
2025-11-07 14:54:34,058 [WARN] PackLoader:240 - Cannot read IP mode file for STMicroelectronics.X-CUBE-ST60.1.0.0
2025-11-07 14:54:34,099 [WARN] PackLoader:240 - Cannot read IP mode file for STMicroelectronics.X-CUBE-AZRTOS-F7.1.1.0
2025-11-07 14:54:34,114 [WARN] PackLoader:240 - Cannot read IP mode file for STMicroelectronics.FP-SNS-MOTENV1.5.1.0
2025-11-07 14:54:34,129 [WARN] PackLoader:240 - Cannot read IP mode file for WES.I-CUBE-Cesium.1.4.0
2025-11-07 14:54:34,162 [WARN] PackLoader:240 - Cannot read IP mode file for Infineon.AIROC-Wi-Fi-Bluetooth-STM32.1.7.1
2025-11-07 14:54:34,203 [WARN] PackLoader:240 - Cannot read IP mode file for STMicroelectronics.X-CUBE-AZRTOS-H7.3.4.0
2025-11-07 14:54:34,220 [WARN] PackLoader:240 - Cannot read IP mode file for STMicroelectronics.X-CUBE-DISPLAY.3.0.0
2025-11-07 14:54:34,239 [WARN] PackLoader:240 - Cannot read IP mode file for STMicroelectronics.X-CUBE-NFC10.1.0.0
2025-11-07 14:54:34,247 [WARN] PackLoader:240 - Cannot read IP mode file for STMicroelectronics.X-CUBE-ST60.1.1.0
2025-11-07 14:54:34,253 [WARN] PackLoader:240 - Cannot read IP mode file for emotas.I-CUBE-CANOPEN.1.3.0
2025-11-07 14:54:34,260 [WARN] PackLoader:240 - Cannot read IP mode file for STMicroelectronics.X-CUBE-GNSS1.7.1.0
2025-11-07 14:54:34,270 [WARN] PackLoader:240 - Cannot read IP mode file for STMicroelectronics.FP-SNS-STBOX1.2.1.0
2025-11-07 14:54:34,278 [WARN] PackLoader:240 - Cannot read IP mode file for STMicroelectronics.FP-SNS-SMARTAG2.1.2.0
2025-11-07 14:54:34,283 [WARN] PackLoader:240 - Cannot read IP mode file for STMicroelectronics.FP-SNS-FLIGHT1.5.1.0
2025-11-07 14:54:34,295 [INFO] LogOutputStream:77 - [STDOUT_REDIRECT] 1 : Invalid condition id : UX_CORESTACK_Condition cause : null
2025-11-07 14:54:34,296 [INFO] LogOutputStream:77 - [STDOUT_REDIRECT] 1 : Invalid condition id : UX_CORESTACK_Condition cause : null
2025-11-07 14:54:34,296 [INFO] LogOutputStream:77 - [STDOUT_REDIRECT] 1 : Invalid condition id : UX_CORESTACK_Condition cause : null
2025-11-07 14:54:34,297 [INFO] LogOutputStream:77 - [STDOUT_REDIRECT] 1 : Invalid condition id : UX_CORESTACK_Condition cause : null
2025-11-07 14:54:34,297 [INFO] LogOutputStream:77 - [STDOUT_REDIRECT] 1 : Invalid condition id : UX_CORESTACK_Condition cause : null
2025-11-07 14:54:34,302 [WARN] PackLoader:240 - Cannot read IP mode file for STMicroelectronics.X-CUBE-AZRTOS-WL.2.0.0
2025-11-07 14:54:34,310 [WARN] PackLoader:240 - Cannot read IP mode file for STMicroelectronics.FP-SNS-MOTENV1.5.0.0
2025-11-07 14:54:34,319 [WARN] PackLoader:240 - Cannot read IP mode file for STMicroelectronics.X-CUBE-BLE2.3.3.0
2025-11-07 14:54:34,338 [WARN] PackLoader:240 - Cannot read IP mode file for STMicroelectronics.X-CUBE-NFC9.1.0.0
2025-11-07 14:54:34,347 [WARN] PackLoader:240 - Cannot read IP mode file for wolfSSL.I-CUBE-wolfSSL.5.8.2
2025-11-07 14:54:34,358 [WARN] PackLoader:240 - Cannot read IP mode file for STMicroelectronics.X-CUBE-BLE1.7.1.0
2025-11-07 14:54:34,362 [WARN] PackLoader:240 - Cannot read IP mode file for wolfSSL.I-CUBE-wolfMQTT.1.19.2
2025-11-07 14:54:34,371 [WARN] PackLoader:240 - Cannot read IP mode file for STMicroelectronics.X-CUBE-EEPRMA1.5.2.0
2025-11-07 14:54:34,383 [WARN] PackLoader:240 - Cannot read IP mode file for STMicroelectronics.X-CUBE-ST67W61.1.1.0
2025-11-07 14:54:34,407 [WARN] PackLoader:240 - Cannot read IP mode file for STMicroelectronics.X-CUBE-AZRTOS-G0.1.1.0
2025-11-07 14:54:34,419 [WARN] PackLoader:240 - Cannot read IP mode file for STMicroelectronics.X-CUBE-SAFEA1.1.2.2
2025-11-07 14:54:34,428 [WARN] PackLoader:240 - Cannot read IP mode file for STMicroelectronics.X-CUBE-NFC4.3.0.0
2025-11-07 14:54:34,443 [WARN] PackLoader:240 - Cannot read IP mode file for EmbeddedOffice.I-CUBE-FS-RTOS.1.0.1
2025-11-07 14:54:34,452 [WARN] PackLoader:240 - Cannot read IP mode file for STMicroelectronics.X-CUBE-WB05N.2.0.0
2025-11-07 14:54:34,458 [WARN] PackLoader:240 - Cannot read IP mode file for wolfSSL.I-CUBE-wolfTPM.3.8.0
2025-11-07 14:54:34,466 [WARN] PackLoader:240 - Cannot read IP mode file for STMicroelectronics.X-CUBE-TCPP.4.2.0
2025-11-07 14:54:34,475 [WARN] PackLoader:240 - Cannot read IP mode file for RealThread.X-CUBE-RT-Thread_Nano.4.1.1
2025-11-07 14:54:34,481 [WARN] PackLoader:240 - Cannot read IP mode file for STMicroelectronics.FP-ATR-SIGFOX1.3.2.0
2025-11-07 14:54:34,489 [WARN] PackLoader:240 - Cannot read IP mode file for ITTIA_DB.I-CUBE-ITTIADB.8.9.0
2025-11-07 14:54:34,498 [WARN] PackLoader:240 - Cannot read IP mode file for STMicroelectronics.X-CUBE-ST67W61.1.0.0
2025-11-07 14:54:34,504 [WARN] PackLoader:240 - Cannot read IP mode file for STMicroelectronics.X-CUBE-AI.10.2.0
2025-11-07 14:54:34,554 [WARN] PackLoader:240 - Cannot read IP mode file for SEGGER.I-CUBE-embOS.1.3.1
2025-11-07 14:54:34,628 [WARN] PackLoader:240 - Cannot read IP mode file for STMicroelectronics.X-CUBE-ALGOBUILD.1.4.0
2025-11-07 14:54:34,710 [WARN] PackLoader:240 - Cannot read IP mode file for STMicroelectronics.X-CUBE-MEMS1.11.3.0
2025-11-07 14:54:34,902 [WARN] PackLoader:240 - Cannot read IP mode file for STMicroelectronics.X-CUBE-PM33A1.1.0.0
2025-11-07 14:54:34,932 [WARN] PackLoader:240 - Cannot read IP mode file for STMicroelectronics.X-CUBE-AZRTOS-F4.1.1.0
2025-11-07 14:54:34,943 [WARN] PackLoader:240 - Cannot read IP mode file for Avnet-IotConnect.X-CUBE-IoTC-DA16k-PMOD.1.0.0
2025-11-07 14:54:34,948 [WARN] PackLoader:240 - Cannot read IP mode file for STMicroelectronics.X-CUBE-ISPU.2.1.0
2025-11-07 14:54:34,973 [WARN] PackLoader:240 - Cannot read IP mode file for STMicroelectronics.X-CUBE-IPS.3.2.0
2025-11-07 14:54:34,997 [WARN] PackLoader:240 - Cannot read IP mode file for STMicroelectronics.X-CUBE-NFC12.1.0.0
2025-11-07 14:54:35,030 [WARN] PackLoader:240 - Cannot read IP mode file for STMicroelectronics.X-CUBE-AZRTOS-L5.2.0.0
2025-11-07 14:54:35,048 [WARN] PackLoader:240 - Cannot read IP mode file for STMicroelectronics.X-CUBE-NFC6.3.1.0
2025-11-07 14:54:35,060 [WARN] PackLoader:240 - Cannot read IP mode file for STMicroelectronics.X-CUBE-FREERTOS.1.3.1
2025-11-07 14:54:35,066 [WARN] PackLoader:240 - Cannot read IP mode file for STMicroelectronics.X-CUBE-TOUCHGFX.4.26.0
2025-11-07 14:54:35,072 [WARN] PackLoader:240 - Cannot read IP mode file for STMicroelectronics.FP-SNS-STAIOTCFT.1.0.0
2025-11-07 14:54:35,082 [WARN] PackLoader:240 - Cannot read IP mode file for STMicroelectronics.X-CUBE-DPower.1.3.0
2025-11-07 14:54:35,141 [WARN] ConditionMgr:438 - getConditionDescription Invalid condition id : LAN8742 Phy interface Condition cause : null
2025-11-07 14:54:35,143 [WARN] PackLoader:240 - Cannot read IP mode file for STMicroelectronics.X-CUBE-AZRTOS-L4.2.0.0
2025-11-07 14:54:35,146 [WARN] ConditionMgr:1044 - genDependencies : Invalid condition id : LAN8742 Phy interface Condition cause : null
2025-11-07 14:54:35,146 [WARN] ConditionMgr:1044 - genDependencies : Invalid condition id : LAN8742 Phy interface Condition cause : null
2025-11-07 14:54:35,147 [WARN] ConditionMgr:1044 - genDependencies : Invalid condition id : LAN8742 Phy interface Condition cause : null
2025-11-07 14:54:35,158 [WARN] PackLoader:240 - Cannot read IP mode file for STMicroelectronics.X-CUBE-SFXS2LP1.4.0.0
2025-11-07 14:54:35,172 [WARN] PackLoader:240 - Cannot read IP mode file for STMicroelectronics.X-CUBE-BLEMGR.4.1.0
2025-11-07 14:54:35,190 [WARN] ConditionMgr:438 - getConditionDescription Invalid condition id : UX DEVICE CLASS RTOS Condition cause : null
2025-11-07 14:54:35,190 [WARN] ConditionMgr:438 - getConditionDescription Invalid condition id : UX DEVICE CLASS RTOS Condition cause : null
2025-11-07 14:54:35,193 [WARN] PackLoader:240 - Cannot read IP mode file for STMicroelectronics.X-CUBE-AZRTOS-WB.2.0.0
2025-11-07 14:54:35,194 [WARN] ConditionMgr:1044 - genDependencies : Invalid condition id : UX DEVICE CLASS RTOS Condition cause : null
2025-11-07 14:54:35,194 [WARN] ConditionMgr:1044 - genDependencies : Invalid condition id : UX DEVICE CLASS RTOS Condition cause : null
2025-11-07 14:54:35,195 [WARN] ConditionMgr:1044 - genDependencies : Invalid condition id : UX DEVICE CLASS RTOS Condition cause : null
2025-11-07 14:54:35,195 [WARN] ConditionMgr:1044 - genDependencies : Invalid condition id : UX DEVICE CLASS RTOS Condition cause : null
2025-11-07 14:54:35,195 [WARN] ConditionMgr:1044 - genDependencies : Invalid condition id : UX DEVICE CLASS RTOS Condition cause : null
2025-11-07 14:54:35,202 [WARN] PackLoader:240 - Cannot read IP mode file for STMicroelectronics.X-CUBE-GNSS1.7.0.1
2025-11-07 14:54:35,206 [WARN] PackLoader:240 - Cannot read IP mode file for STMicroelectronics.X-CUBE-TOUCHGFX.4.25.0
2025-11-07 14:54:35,210 [WARN] ConditionMgr:438 - getConditionDescription Invalid condition id : Cortex-A Device cause : null
2025-11-07 14:54:35,217 [WARN] ConditionMgr:1044 - genDependencies : Invalid condition id : Cortex-A Device cause : null
2025-11-07 14:54:35,218 [WARN] ConditionMgr:1044 - genDependencies : Invalid condition id : Cortex-A Device cause : null
2025-11-07 14:54:35,218 [WARN] ConditionMgr:1044 - genDependencies : Invalid condition id : Cortex-A Device cause : null
2025-11-07 14:54:35,228 [WARN] PackLoader:240 - Cannot read IP mode file for STMicroelectronics.X-CUBE-SUBG2.5.0.0
2025-11-07 14:54:35,253 [WARN] PackLoader:240 - Cannot read IP mode file for STMicroelectronics.X-CUBE-AZRTOS-H7RS.1.1.0
2025-11-07 14:54:35,260 [WARN] PackLoader:240 - Cannot read IP mode file for Cesanta.I-CUBE-Mongoose.7.13.0
2025-11-07 14:54:35,274 [WARN] PackLoader:240 - Cannot read IP mode file for STMicroelectronics.X-CUBE-AZRTOS-G4.2.0.0
2025-11-07 14:54:35,280 [WARN] PackLoader:240 - Cannot read IP mode file for wolfSSL.I-CUBE-wolfSSH.1.4.20
2025-11-07 14:54:35,285 [WARN] PackLoader:240 - Cannot read IP mode file for STMicroelectronics.X-CUBE-NFC7.2.0.0
2025-11-07 14:54:35,299 [WARN] PackLoader:240 - Cannot read IP mode file for STMicroelectronics.X-CUBE-IPS.3.1.0
2025-11-07 14:54:35,308 [WARN] PackLoader:240 - Cannot read IP mode file for STMicroelectronics.X-CUBE-ALS.1.0.2
2025-11-07 14:54:35,315 [WARN] PackLoader:240 - Cannot read IP mode file for STMicroelectronics.X-CUBE-STSE01.1.0.0
2025-11-07 14:54:35,327 [WARN] PackLoader:240 - Cannot read IP mode file for STMicroelectronics.X-CUBE-TOF1.3.4.3
2025-11-07 14:54:35,340 [INFO] ThirdParty:978 - Integrity check success = true
2025-11-07 14:54:35,340 [INFO] IntegrityCheckThread:100 - exiting critical section [integrity check]
2025-11-07 14:54:35,341 [INFO] IntegrityCheckThread:103 - End integrity checks thread
2025-11-07 14:54:46,538 [ERROR] LogOutputStream:75 - [STDERR_REDIRECT] Nov 07, 2025 2:54:46 PM org.apache.http.impl.execchain.RetryExec execute
2025-11-07 14:54:46,539 [ERROR] LogOutputStream:75 - [STDERR_REDIRECT] INFO: I/O exception (java.net.SocketException) caught when processing request to {s}->https://live.codetogether.io:443: Connection reset
2025-11-07 14:54:46,540 [ERROR] LogOutputStream:75 - [STDERR_REDIRECT] 
2025-11-07 14:54:46,541 [ERROR] LogOutputStream:75 - [STDERR_REDIRECT] Nov 07, 2025 2:54:46 PM org.apache.http.impl.execchain.RetryExec execute
2025-11-07 14:54:46,542 [ERROR] LogOutputStream:75 - [STDERR_REDIRECT] INFO: Retrying request to {s}->https://live.codetogether.io:443
2025-11-07 14:54:46,542 [ERROR] LogOutputStream:75 - [STDERR_REDIRECT] 
2025-11-07 14:54:51,187 [ERROR] LogOutputStream:75 - [STDERR_REDIRECT] Nov 07, 2025 2:54:51 PM java.util.prefs.FileSystemPreferences checkLockFile0ErrorCode
2025-11-07 14:54:51,188 [ERROR] LogOutputStream:75 - [STDERR_REDIRECT] WARNING: Could not lock System prefs. Unix error code 2.
2025-11-07 14:54:51,188 [ERROR] LogOutputStream:75 - [STDERR_REDIRECT] 
2025-11-07 14:54:51,189 [ERROR] LogOutputStream:75 - [STDERR_REDIRECT] Nov 07, 2025 2:54:51 PM java.util.prefs.FileSystemPreferences syncWorld
2025-11-07 14:54:51,190 [ERROR] LogOutputStream:75 - [STDERR_REDIRECT] WARNING: Couldn't flush system prefs: java.util.prefs.BackingStoreException: Couldn't get file lock.
2025-11-07 14:54:51,190 [ERROR] LogOutputStream:75 - [STDERR_REDIRECT] 
2025-11-07 14:55:21,168 [ERROR] LogOutputStream:75 - [STDERR_REDIRECT] Nov 07, 2025 2:55:21 PM java.util.prefs.FileSystemPreferences checkLockFile0ErrorCode
2025-11-07 14:55:21,169 [ERROR] LogOutputStream:75 - [STDERR_REDIRECT] WARNING: Could not lock System prefs. Unix error code 2.
2025-11-07 14:55:21,170 [ERROR] LogOutputStream:75 - [STDERR_REDIRECT] 
2025-11-07 14:55:21,171 [ERROR] LogOutputStream:75 - [STDERR_REDIRECT] Nov 07, 2025 2:55:21 PM java.util.prefs.FileSystemPreferences syncWorld
2025-11-07 14:55:21,171 [ERROR] LogOutputStream:75 - [STDERR_REDIRECT] WARNING: Couldn't flush system prefs: java.util.prefs.BackingStoreException: Couldn't get file lock.
2025-11-07 14:55:21,172 [ERROR] LogOutputStream:75 - [STDERR_REDIRECT] 
