2025-11-08 18:37:08,219 [INFO] Activator:176 - 


2025-11-08 18:37:08,223 [INFO] Activator:177 - !SESSION log4j initialized
2025-11-08 18:37:29,816 [INFO] LogOutputStream:77 - [STDOUT_REDIRECT] 
2025-11-08 18:37:30,421 [ERROR] ConfigurationRetriever:142 - IOException on connection: sw-center.st.com
2025-11-08 18:37:30,422 [ERROR] ConfigurationRetriever:142 - IOException on connection: sw-center.st.com
2025-11-08 18:37:30,423 [ERROR] ConfigurationRetriever:142 - IOException on connection: sw-center.st.com
2025-11-08 18:37:30,900 [INFO] ApplicationProperties:184 - Using Application install path: /opt/st/stm32cubeide_1.19.0/plugins/com.st.stm32cube.common.mx_6.15.0.202507011659
2025-11-08 18:37:30,934 [INFO] DbMcusXml:78 - Set database path to: /opt/st/stm32cubeide_1.19.0/plugins/com.st.stm32cube.common.mx_6.15.0.202507011659//db//mcu/
2025-11-08 18:37:30,935 [INFO] ApiDb:274 - Set plugin database path to: /opt/st/stm32cubeide_1.19.0/plugins/com.st.stm32cube.common.mx_6.15.0.202507011659//db//plugins/boardmanager/
2025-11-08 18:37:30,936 [WARN] ApiDb:259 - Overriding images path with different value:  => /opt/st/stm32cubeide_1.19.0/plugins/com.st.stm32cube.common.mx_6.15.0.202507011659//db//plugins/mcufinder/images/
2025-11-08 18:37:30,948 [INFO] ApiDb:250 - Set database path to: /home/stellarbeing22/.stmcufinder/plugins/mcufinder//mcu/
2025-11-08 18:37:30,952 [INFO] DbMcusAds:125 - Set database path to: /home/stellarbeing22/.stmcufinder/plugins/mcufinder//mcu/
2025-11-08 18:37:30,957 [INFO] CrossReferenceDbSqlite:203 - Set database path to: /home/stellarbeing22/.stmcufinder/plugins/mcufinder//mcu/cs/
2025-11-08 18:37:31,151 [INFO] RulesReader:64 - Compatibility file has been processed (317 Rules)
2025-11-08 18:37:31,259 [INFO] DbMcusXml:78 - Set database path to: /opt/st/stm32cubeide_1.19.0/plugins/com.st.stm32cube.common.mx_6.15.0.202507011659//db//mcu/
2025-11-08 18:37:31,259 [INFO] ApiDb:274 - Set plugin database path to: /opt/st/stm32cubeide_1.19.0/plugins/com.st.stm32cube.common.mx_6.15.0.202507011659//db//plugins/boardmanager/
2025-11-08 18:37:31,259 [INFO] ApiDb:261 - Set plugin images path to: /opt/st/stm32cubeide_1.19.0/plugins/com.st.stm32cube.common.mx_6.15.0.202507011659//db//plugins/mcufinder/images/
2025-11-08 18:37:31,260 [WARN] DbFile:41 - Overriding database path with different value: /home/stellarbeing22/.stmcufinder/plugins/mcufinder/ => /home/stellarbeing22/.stmcufinder/plugins/mcufinder
2025-11-08 18:37:31,260 [INFO] ApiDb:250 - Set database path to: /home/stellarbeing22/.stmcufinder/plugins/mcufinder//mcu/
2025-11-08 18:37:31,260 [WARN] DbFile:41 - Overriding database path with different value: /home/stellarbeing22/.stmcufinder/plugins/mcufinder/ => /home/stellarbeing22/.stmcufinder/plugins/mcufinder
2025-11-08 18:37:31,260 [INFO] DbMcusAds:125 - Set database path to: /home/stellarbeing22/.stmcufinder/plugins/mcufinder//mcu/
2025-11-08 18:37:31,260 [WARN] DbFile:41 - Overriding database path with different value: /home/stellarbeing22/.stmcufinder/plugins/mcufinder/ => /home/stellarbeing22/.stmcufinder/plugins/mcufinder
2025-11-08 18:37:31,260 [WARN] DbFile:41 - Overriding database path with different value: /home/stellarbeing22/.stmcufinder/plugins/mcufinder/ => /home/stellarbeing22/.stmcufinder/plugins/mcufinder
2025-11-08 18:37:31,260 [INFO] CrossReferenceDbSqlite:203 - Set database path to: /home/stellarbeing22/.stmcufinder/plugins/mcufinder//mcu/cs/
2025-11-08 18:37:31,376 [INFO] MainPanel:274 - HeapMemory: 271581184
2025-11-08 18:37:31,528 [INFO] DbMcusXml:78 - Set database path to: /opt/st/stm32cubeide_1.19.0/plugins/com.st.stm32cube.common.mx_6.15.0.202507011659//db//mcu/
2025-11-08 18:37:31,528 [INFO] ApiDb:274 - Set plugin database path to: /opt/st/stm32cubeide_1.19.0/plugins/com.st.stm32cube.common.mx_6.15.0.202507011659//db//plugins/boardmanager/
2025-11-08 18:37:31,528 [INFO] ApiDb:261 - Set plugin images path to: /opt/st/stm32cubeide_1.19.0/plugins/com.st.stm32cube.common.mx_6.15.0.202507011659//db//plugins/mcufinder/images/
2025-11-08 18:37:31,528 [WARN] DbFile:41 - Overriding database path with different value: /home/stellarbeing22/.stmcufinder/plugins/mcufinder/ => /home/stellarbeing22/.stmcufinder/plugins/mcufinder
2025-11-08 18:37:31,529 [INFO] ApiDb:250 - Set database path to: /home/stellarbeing22/.stmcufinder/plugins/mcufinder//mcu/
2025-11-08 18:37:31,529 [WARN] DbFile:41 - Overriding database path with different value: /home/stellarbeing22/.stmcufinder/plugins/mcufinder/ => /home/stellarbeing22/.stmcufinder/plugins/mcufinder
2025-11-08 18:37:31,529 [INFO] DbMcusAds:125 - Set database path to: /home/stellarbeing22/.stmcufinder/plugins/mcufinder//mcu/
2025-11-08 18:37:31,529 [WARN] DbFile:41 - Overriding database path with different value: /home/stellarbeing22/.stmcufinder/plugins/mcufinder/ => /home/stellarbeing22/.stmcufinder/plugins/mcufinder
2025-11-08 18:37:31,529 [WARN] DbFile:41 - Overriding database path with different value: /home/stellarbeing22/.stmcufinder/plugins/mcufinder/ => /home/stellarbeing22/.stmcufinder/plugins/mcufinder
2025-11-08 18:37:31,529 [INFO] CrossReferenceDbSqlite:203 - Set database path to: /home/stellarbeing22/.stmcufinder/plugins/mcufinder//mcu/cs/
2025-11-08 18:37:31,555 [INFO] ApplicationProperties:184 - Using Application install path: /opt/st/stm32cubeide_1.19.0/plugins/com.st.stm32cube.common.mx_6.15.0.202507011659
2025-11-08 18:37:31,557 [INFO] PluginManage:196 - Search for loadable plugins [exclusion list=, ]
2025-11-08 18:37:31,559 [INFO] PluginManage:310 - Check plugin analytics
2025-11-08 18:37:31,824 [INFO] AnalyticsPlugin:253 - Accepted Software Licenses: 
2025-11-08 18:37:31,824 [INFO] AnalyticsPlugin:255 - Accepted CMSIS Pack Licenses: 
2025-11-08 18:37:31,824 [INFO] AnalyticsPlugin:257 - Accepted Firmware Licenses: 
2025-11-08 18:37:31,828 [INFO] PluginManage:359 - Loaded plugin analytics (category:tool,tabindex:-1)
2025-11-08 18:37:31,829 [INFO] PluginManage:310 - Check plugin cadmodel
2025-11-08 18:37:31,830 [ERROR] ConfigurationRetriever:142 - IOException on connection: sw-center.st.com
2025-11-08 18:37:31,831 [ERROR] ConfigurationRetriever:142 - IOException on connection: sw-center.st.com
2025-11-08 18:37:31,832 [ERROR] ConfigurationRetriever:142 - IOException on connection: sw-center.st.com
2025-11-08 18:37:31,835 [INFO] CADModel:105 - Init CAD model plugin
2025-11-08 18:37:31,836 [INFO] PluginManage:359 - Loaded plugin cadmodel (category:power,tabindex:5)
2025-11-08 18:37:31,836 [INFO] PluginManage:310 - Check plugin clock
2025-11-08 18:37:31,851 [INFO] PluginManage:359 - Loaded plugin clock (category:base,tabindex:2)
2025-11-08 18:37:31,852 [INFO] PluginManage:310 - Check plugin ddr
2025-11-08 18:37:31,855 [INFO] PluginManage:359 - Loaded plugin ddr (category:tool,tabindex:6)
2025-11-08 18:37:31,856 [INFO] PluginManage:310 - Check plugin filemanager
2025-11-08 18:37:32,097 [INFO] PluginManage:359 - Loaded plugin filemanager (category:base,tabindex:10)
2025-11-08 18:37:32,098 [INFO] PluginManage:310 - Check plugin ipmanager
2025-11-08 18:37:32,107 [INFO] PluginManage:359 - Loaded plugin ipmanager (category:base,tabindex:5)
2025-11-08 18:37:32,107 [INFO] PluginManage:310 - Check plugin lpbam
2025-11-08 18:37:32,122 [INFO] PluginManage:359 - Loaded plugin lpbam (category:base,tabindex:0)
2025-11-08 18:37:32,123 [INFO] PluginManage:310 - Check plugin memorymap
2025-11-08 18:37:32,146 [INFO] PluginManage:359 - Loaded plugin memorymap (category:base,tabindex:4)
2025-11-08 18:37:32,146 [INFO] PluginManage:310 - Check plugin pinoutandconfiguration
2025-11-08 18:37:32,161 [INFO] PluginManage:359 - Loaded plugin pinoutandconfiguration (category:base,tabindex:1)
2025-11-08 18:37:32,162 [INFO] PluginManage:310 - Check plugin pinoutconfig
2025-11-08 18:37:32,319 [WARN] SupportedApi:132 - Cannot load RTOS API schema: s4s-elt-must-match.1: The content of 'definitions' must match (annotation?, (simpleType | complexType)?, (unique | key | keyref)*)). A problem was found starting at: attribute.
2025-11-08 18:37:32,545 [INFO] PluginManage:359 - Loaded plugin pinoutconfig (category:base,tabindex:0)
2025-11-08 18:37:32,545 [INFO] PluginManage:310 - Check plugin power
2025-11-08 18:37:32,559 [INFO] PluginManage:359 - Loaded plugin power (category:power,tabindex:4)
2025-11-08 18:37:32,559 [INFO] PluginManage:310 - Check plugin projectmanager
2025-11-08 18:37:32,585 [INFO] PluginManage:359 - Loaded plugin projectmanager (category:projectmanager,tabindex:4)
2025-11-08 18:37:32,585 [INFO] PluginManage:310 - Check plugin rif
2025-11-08 18:37:32,599 [INFO] PluginManage:359 - Loaded plugin rif (category:base,tabindex:3)
2025-11-08 18:37:32,599 [INFO] PluginManage:310 - Check plugin thirdparty
2025-11-08 18:37:32,798 [INFO] PluginManage:359 - Loaded plugin thirdparty (category:base,tabindex:-1)
2025-11-08 18:37:32,797 [WARN] IntegrityCheckThread:84 - waiting for thirdparty lock release [integrity check]
2025-11-08 18:37:32,798 [INFO] PluginManage:310 - Check plugin tools
2025-11-08 18:37:32,798 [INFO] IntegrityCheckThread:86 - entering critical section [integrity check]
2025-11-08 18:37:32,799 [INFO] ThirdPartyUpdaterWithRetryManager:70 - Updater plugin not ready yet. [1/15]
2025-11-08 18:37:32,802 [INFO] PluginManage:359 - Loaded plugin tools (category:base,tabindex:7)
2025-11-08 18:37:32,802 [INFO] PluginManage:310 - Check plugin tutovideos
2025-11-08 18:37:33,153 [INFO] PluginManage:359 - Loaded plugin tutovideos (category:base,tabindex:-1)
2025-11-08 18:37:33,154 [INFO] PluginManage:310 - Check plugin updater
2025-11-08 18:37:33,193 [INFO] PluginManage:359 - Loaded plugin updater (category:base,tabindex:12)
2025-11-08 18:37:33,193 [INFO] PluginManage:310 - Check plugin userauth
2025-11-08 18:37:33,199 [INFO] UserAuth:118 - Init User Auth plugin
2025-11-08 18:37:33,201 [INFO] PluginManage:359 - Loaded plugin userauth (category:base,tabindex:14)
2025-11-08 18:37:33,201 [INFO] PluginManage:283 - PluginManage : Loaded plugins [18]
2025-11-08 18:37:33,470 [INFO] PinOutPanel:1589 - setPackage(No Configuration,No Configuration)
2025-11-08 18:37:33,573 [INFO] CADModel:165 - CPN selected for project level
2025-11-08 18:37:33,574 [INFO] CADModel:114 - Register for checkConnection events
2025-11-08 18:37:33,591 [INFO] IPUIPlugin:80 - create IPUIPlugin
2025-11-08 18:37:33,592 [INFO] PluginManager:220 - loadIPPluginJar : add i2c
2025-11-08 18:37:33,595 [INFO] IPUIPlugin:80 - create IPUIPlugin
2025-11-08 18:37:33,595 [INFO] PluginManager:220 - loadIPPluginJar : add dfsdm
2025-11-08 18:37:33,598 [INFO] IPUIPlugin:80 - create IPUIPlugin
2025-11-08 18:37:33,598 [INFO] PluginManager:220 - loadIPPluginJar : add extmemmanager
2025-11-08 18:37:33,606 [INFO] IPUIPlugin:80 - create IPUIPlugin
2025-11-08 18:37:33,606 [INFO] PluginManager:220 - loadIPPluginJar : add freertos
2025-11-08 18:37:33,608 [INFO] IPUIPlugin:80 - create IPUIPlugin
2025-11-08 18:37:33,608 [INFO] PluginManager:220 - loadIPPluginJar : add quadspi
2025-11-08 18:37:33,615 [INFO] IPUIPlugin:80 - create IPUIPlugin
2025-11-08 18:37:33,616 [INFO] PluginManager:220 - loadIPPluginJar : add gpio
2025-11-08 18:37:33,623 [INFO] IPUIPlugin:80 - create IPUIPlugin
2025-11-08 18:37:33,623 [INFO] PluginManager:220 - loadIPPluginJar : add gic
2025-11-08 18:37:33,630 [INFO] IPUIPlugin:80 - create IPUIPlugin
2025-11-08 18:37:33,630 [INFO] PluginManager:220 - loadIPPluginJar : add dma
2025-11-08 18:37:33,633 [INFO] IPUIPlugin:80 - create IPUIPlugin
2025-11-08 18:37:33,634 [INFO] PluginManager:220 - loadIPPluginJar : add cryp
2025-11-08 18:37:33,638 [INFO] IPUIPlugin:80 - create IPUIPlugin
2025-11-08 18:37:33,638 [INFO] PluginManager:220 - loadIPPluginJar : add gtzc
2025-11-08 18:37:33,641 [INFO] IPUIPlugin:80 - create IPUIPlugin
2025-11-08 18:37:33,641 [INFO] PluginManager:220 - loadIPPluginJar : add aes
2025-11-08 18:37:33,644 [INFO] IPUIPlugin:80 - create IPUIPlugin
2025-11-08 18:37:33,644 [INFO] PluginManager:220 - loadIPPluginJar : add spi
2025-11-08 18:37:33,653 [INFO] IPUIPlugin:80 - create IPUIPlugin
2025-11-08 18:37:33,653 [INFO] PluginManager:220 - loadIPPluginJar : add linkedlist
2025-11-08 18:37:33,661 [INFO] IPUIPlugin:80 - create IPUIPlugin
2025-11-08 18:37:33,664 [INFO] PluginManager:220 - loadIPPluginJar : add plateformsettings
2025-11-08 18:37:33,668 [INFO] IPUIPlugin:80 - create IPUIPlugin
2025-11-08 18:37:33,668 [INFO] PluginManager:220 - loadIPPluginJar : add touchsensing
2025-11-08 18:37:33,675 [INFO] IPUIPlugin:80 - create IPUIPlugin
2025-11-08 18:37:33,675 [INFO] PluginManager:220 - loadIPPluginJar : add resmgrutility
2025-11-08 18:37:33,677 [INFO] IPUIPlugin:80 - create IPUIPlugin
2025-11-08 18:37:33,678 [INFO] PluginManager:220 - loadIPPluginJar : add tracer_emb
2025-11-08 18:37:33,681 [INFO] IPUIPlugin:80 - create IPUIPlugin
2025-11-08 18:37:33,681 [INFO] PluginManager:220 - loadIPPluginJar : add can
2025-11-08 18:37:33,683 [INFO] IPUIPlugin:80 - create IPUIPlugin
2025-11-08 18:37:33,683 [INFO] PluginManager:220 - loadIPPluginJar : add radio
2025-11-08 18:37:33,687 [INFO] IPUIPlugin:80 - create IPUIPlugin
2025-11-08 18:37:33,687 [INFO] PluginManager:220 - loadIPPluginJar : add pdm2pcm
2025-11-08 18:37:33,691 [INFO] IPUIPlugin:80 - create IPUIPlugin
2025-11-08 18:37:33,691 [INFO] PluginManager:220 - loadIPPluginJar : add ddr_ctrl_phy
2025-11-08 18:37:33,695 [INFO] IPUIPlugin:80 - create IPUIPlugin
2025-11-08 18:37:33,695 [INFO] PluginManager:220 - loadIPPluginJar : add usart
2025-11-08 18:37:33,700 [INFO] IPUIPlugin:80 - create IPUIPlugin
2025-11-08 18:37:33,700 [INFO] PluginManager:220 - loadIPPluginJar : add ipddr
2025-11-08 18:37:33,703 [INFO] IPUIPlugin:80 - create IPUIPlugin
2025-11-08 18:37:33,704 [INFO] PluginManager:220 - loadIPPluginJar : add i2s
2025-11-08 18:37:33,711 [INFO] IPUIPlugin:80 - create IPUIPlugin
2025-11-08 18:37:33,711 [INFO] PluginManager:220 - loadIPPluginJar : add stm32_wpan
2025-11-08 18:37:33,715 [INFO] IPUIPlugin:80 - create IPUIPlugin
2025-11-08 18:37:33,715 [INFO] PluginManager:220 - loadIPPluginJar : add opamp
2025-11-08 18:37:33,717 [INFO] IPUIPlugin:80 - create IPUIPlugin
2025-11-08 18:37:33,717 [INFO] PluginManager:220 - loadIPPluginJar : add ucpd
2025-11-08 18:37:33,720 [INFO] IPUIPlugin:80 - create IPUIPlugin
2025-11-08 18:37:33,720 [INFO] PluginManager:220 - loadIPPluginJar : add i3c
2025-11-08 18:37:33,728 [INFO] IPUIPlugin:80 - create IPUIPlugin
2025-11-08 18:37:33,728 [INFO] PluginManager:220 - loadIPPluginJar : add mdma
2025-11-08 18:37:33,731 [INFO] IPUIPlugin:80 - create IPUIPlugin
2025-11-08 18:37:33,731 [INFO] PluginManager:220 - loadIPPluginJar : add gfxmmu
2025-11-08 18:37:33,733 [INFO] IPUIPlugin:80 - create IPUIPlugin
2025-11-08 18:37:33,733 [INFO] PluginManager:220 - loadIPPluginJar : add ts
2025-11-08 18:37:33,734 [INFO] IPUIPlugin:80 - create IPUIPlugin
2025-11-08 18:37:33,734 [INFO] PluginManager:220 - loadIPPluginJar : add tsc
2025-11-08 18:37:33,736 [INFO] IPUIPlugin:80 - create IPUIPlugin
2025-11-08 18:37:33,736 [INFO] PluginManager:220 - loadIPPluginJar : add genericplugin
2025-11-08 18:37:33,739 [INFO] IPUIPlugin:80 - create IPUIPlugin
2025-11-08 18:37:33,739 [INFO] PluginManager:220 - loadIPPluginJar : add hash
2025-11-08 18:37:33,743 [INFO] IPUIPlugin:80 - create IPUIPlugin
2025-11-08 18:37:33,744 [INFO] PluginManager:220 - loadIPPluginJar : add nvic
2025-11-08 18:37:33,748 [INFO] IPUIPlugin:80 - create IPUIPlugin
2025-11-08 18:37:33,748 [INFO] PluginManager:220 - loadIPPluginJar : add fmc
2025-11-08 18:37:33,751 [INFO] IPUIPlugin:80 - create IPUIPlugin
2025-11-08 18:37:33,752 [INFO] PluginManager:220 - loadIPPluginJar : add lorawan
2025-11-08 18:37:33,755 [INFO] IPUIPlugin:80 - create IPUIPlugin
2025-11-08 18:37:33,755 [INFO] PluginManager:220 - loadIPPluginJar : add usbx
2025-11-08 18:37:33,756 [INFO] IPUIPlugin:80 - create IPUIPlugin
2025-11-08 18:37:33,756 [INFO] PluginManager:220 - loadIPPluginJar : add fatfs
2025-11-08 18:37:33,759 [INFO] IPUIPlugin:80 - create IPUIPlugin
2025-11-08 18:37:33,760 [INFO] PluginManager:220 - loadIPPluginJar : add openamp
2025-11-08 18:37:33,762 [INFO] IPUIPlugin:80 - create IPUIPlugin
2025-11-08 18:37:33,762 [INFO] PluginManager:220 - loadIPPluginJar : add comp
2025-11-08 18:37:33,764 [INFO] IPUIPlugin:80 - create IPUIPlugin
2025-11-08 18:37:33,765 [INFO] PluginManager:220 - loadIPPluginJar : add tim
2025-11-08 18:37:33,769 [INFO] IPUIPlugin:80 - create IPUIPlugin
2025-11-08 18:37:33,770 [INFO] PluginManager:220 - loadIPPluginJar : add sai
2025-11-08 18:37:33,772 [INFO] IPUIPlugin:80 - create IPUIPlugin
2025-11-08 18:37:33,772 [INFO] PluginManager:220 - loadIPPluginJar : add ltdc
2025-11-08 18:37:33,775 [INFO] IPUIPlugin:80 - create IPUIPlugin
2025-11-08 18:37:33,775 [INFO] PluginManager:220 - loadIPPluginJar : add dma3
2025-11-08 18:37:33,796 [INFO] IPUIPlugin:80 - create IPUIPlugin
2025-11-08 18:37:33,796 [INFO] PluginManager:220 - loadIPPluginJar : add adc
2025-11-08 18:37:33,915 [FATAL] Updater:351 - Updater called before beeing initialized
2025-11-08 18:37:33,957 [INFO] RulesReader:64 - Compatibility file has been processed (317 Rules)
2025-11-08 18:37:33,977 [INFO] RulesReader:64 - Compatibility file has been processed (317 Rules)
2025-11-08 18:37:33,988 [INFO] CADModel:165 - CPN selected for project level
2025-11-08 18:37:33,988 [INFO] CADModel:114 - Register for checkConnection events
2025-11-08 18:37:33,988 [FATAL] Updater:351 - Updater called before beeing initialized
2025-11-08 18:37:33,988 [ERROR] CADModel:125 - Updater not yet initialized, retry later 
2025-11-08 18:37:34,179 [FATAL] Updater:351 - Updater called before beeing initialized
2025-11-08 18:37:34,182 [INFO] CADModel:165 - CPN selected for project level
2025-11-08 18:37:34,182 [INFO] CADModel:114 - Register for checkConnection events
2025-11-08 18:37:34,182 [FATAL] Updater:351 - Updater called before beeing initialized
2025-11-08 18:37:34,183 [ERROR] CADModel:125 - Updater not yet initialized, retry later 
2025-11-08 18:37:34,187 [FATAL] Updater:351 - Updater called before beeing initialized
2025-11-08 18:37:34,316 [FATAL] Updater:351 - Updater called before beeing initialized
2025-11-08 18:37:34,323 [INFO] DbMcusAds:53 - JSON generation date=Tue Jul 08 13:44:23 IST 2025 (1751962463524)
2025-11-08 18:37:34,323 [FATAL] Updater:351 - Updater called before beeing initialized
2025-11-08 18:37:34,383 [WARN] DetailPanel:346 - Failed to get advertising image, set to default
2025-11-08 18:37:34,533 [FATAL] Updater:351 - Updater called before beeing initialized
2025-11-08 18:37:34,535 [FATAL] Updater:351 - Updater called before beeing initialized
2025-11-08 18:37:34,536 [FATAL] Updater:351 - Updater called before beeing initialized
2025-11-08 18:37:34,536 [WARN] DetailPanel:346 - Failed to get advertising image, set to default
2025-11-08 18:37:34,538 [FATAL] Updater:351 - Updater called before beeing initialized
2025-11-08 18:37:34,593 [ERROR] Updater:1198 - MainUpdater not yet initialized. External WinMGr cannot be set.
2025-11-08 18:37:34,596 [INFO] Updater:1134 - Updater Version found : 6.15.0
2025-11-08 18:37:34,622 [INFO] ApplicationProperties:184 - Using Application install path: /opt/st/stm32cubeide_1.19.0/plugins/com.st.stm32cube.common.mx_6.15.0.202507011659
2025-11-08 18:37:34,642 [ERROR] LogOutputStream:75 - [STDERR_REDIRECT] Nov 08, 2025 6:37:34 PM java.util.prefs.FileSystemPreferences$2 run
2025-11-08 18:37:34,643 [ERROR] LogOutputStream:75 - [STDERR_REDIRECT] WARNING: Could not create system preferences directory. System preferences are unusable.
2025-11-08 18:37:34,643 [ERROR] LogOutputStream:75 - [STDERR_REDIRECT] 
2025-11-08 18:37:34,927 [INFO] MainUpdater:2872 - connection check result : 22
2025-11-08 18:37:34,928 [INFO] MainUpdater:289 - Updater Check For Update Now.
2025-11-08 18:37:34,929 [INFO] MicroXplorer:498 - Change Database Version : DB.6.0.150
2025-11-08 18:37:34,936 [INFO] McuFinderGlobals:63 - Set McuFinder mode to 2 (CubeIDE integrated)
2025-11-08 18:37:34,937 [INFO] UserAuth:171 - activating auth plugin
2025-11-08 18:37:34,940 [INFO] UserAuth:487 - Internet connection configuration mode: 2
2025-11-08 18:37:34,949 [INFO] UserAuth:487 - Internet connection configuration mode: 2
2025-11-08 18:37:35,173 [INFO] CheckServerUpdateThread:120 - End of CheckServer Thread
2025-11-08 18:37:36,079 [WARN] PackLoader:240 - Cannot read IP mode file for STMicroelectronics.FP-SNS-MOTENVWB1.1.4.0
2025-11-08 18:37:36,093 [WARN] PackLoader:240 - Cannot read IP mode file for STMicroelectronics.FP-ATR-ASTRA1.2.0.2
2025-11-08 18:37:36,106 [WARN] PackLoader:240 - Cannot read IP mode file for STMicroelectronics.X-CUBE-SMBUS.2.1.0
2025-11-08 18:37:36,113 [WARN] PackLoader:240 - Cannot read IP mode file for STMicroelectronics.X-CUBE-ST60.1.0.0
2025-11-08 18:37:36,165 [WARN] PackLoader:240 - Cannot read IP mode file for STMicroelectronics.X-CUBE-AZRTOS-F7.1.1.0
2025-11-08 18:37:36,181 [WARN] PackLoader:240 - Cannot read IP mode file for STMicroelectronics.FP-SNS-MOTENV1.5.1.0
2025-11-08 18:37:36,197 [WARN] PackLoader:240 - Cannot read IP mode file for WES.I-CUBE-Cesium.1.4.0
2025-11-08 18:37:36,234 [WARN] PackLoader:240 - Cannot read IP mode file for Infineon.AIROC-Wi-Fi-Bluetooth-STM32.1.7.1
2025-11-08 18:37:36,281 [WARN] PackLoader:240 - Cannot read IP mode file for STMicroelectronics.X-CUBE-AZRTOS-H7.3.4.0
2025-11-08 18:37:36,299 [WARN] PackLoader:240 - Cannot read IP mode file for STMicroelectronics.X-CUBE-DISPLAY.3.0.0
2025-11-08 18:37:36,317 [WARN] PackLoader:240 - Cannot read IP mode file for STMicroelectronics.X-CUBE-NFC10.1.0.0
2025-11-08 18:37:36,325 [WARN] PackLoader:240 - Cannot read IP mode file for STMicroelectronics.X-CUBE-ST60.1.1.0
2025-11-08 18:37:36,332 [WARN] PackLoader:240 - Cannot read IP mode file for emotas.I-CUBE-CANOPEN.1.3.0
2025-11-08 18:37:36,338 [WARN] PackLoader:240 - Cannot read IP mode file for STMicroelectronics.X-CUBE-GNSS1.7.1.0
2025-11-08 18:37:36,349 [WARN] PackLoader:240 - Cannot read IP mode file for STMicroelectronics.FP-SNS-STBOX1.2.1.0
2025-11-08 18:37:36,358 [WARN] PackLoader:240 - Cannot read IP mode file for STMicroelectronics.FP-SNS-SMARTAG2.1.2.0
2025-11-08 18:37:36,362 [WARN] PackLoader:240 - Cannot read IP mode file for STMicroelectronics.FP-SNS-FLIGHT1.5.1.0
2025-11-08 18:37:36,373 [INFO] LogOutputStream:77 - [STDOUT_REDIRECT] 1 : Invalid condition id : UX_CORESTACK_Condition cause : null
2025-11-08 18:37:36,375 [INFO] LogOutputStream:77 - [STDOUT_REDIRECT] 1 : Invalid condition id : UX_CORESTACK_Condition cause : null
2025-11-08 18:37:36,375 [INFO] LogOutputStream:77 - [STDOUT_REDIRECT] 1 : Invalid condition id : UX_CORESTACK_Condition cause : null
2025-11-08 18:37:36,376 [INFO] LogOutputStream:77 - [STDOUT_REDIRECT] 1 : Invalid condition id : UX_CORESTACK_Condition cause : null
2025-11-08 18:37:36,376 [INFO] LogOutputStream:77 - [STDOUT_REDIRECT] 1 : Invalid condition id : UX_CORESTACK_Condition cause : null
2025-11-08 18:37:36,380 [WARN] PackLoader:240 - Cannot read IP mode file for STMicroelectronics.X-CUBE-AZRTOS-WL.2.0.0
2025-11-08 18:37:36,387 [WARN] PackLoader:240 - Cannot read IP mode file for STMicroelectronics.FP-SNS-MOTENV1.5.0.0
2025-11-08 18:37:36,394 [WARN] PackLoader:240 - Cannot read IP mode file for STMicroelectronics.X-CUBE-BLE2.3.3.0
2025-11-08 18:37:36,418 [WARN] PackLoader:240 - Cannot read IP mode file for STMicroelectronics.X-CUBE-NFC9.1.0.0
2025-11-08 18:37:36,426 [WARN] PackLoader:240 - Cannot read IP mode file for wolfSSL.I-CUBE-wolfSSL.5.8.2
2025-11-08 18:37:36,431 [WARN] PackLoader:240 - Cannot read IP mode file for STMicroelectronics.X-CUBE-BLE1.7.1.0
2025-11-08 18:37:36,435 [WARN] PackLoader:240 - Cannot read IP mode file for wolfSSL.I-CUBE-wolfMQTT.1.19.2
2025-11-08 18:37:36,442 [WARN] PackLoader:240 - Cannot read IP mode file for STMicroelectronics.X-CUBE-EEPRMA1.5.2.0
2025-11-08 18:37:36,452 [WARN] PackLoader:240 - Cannot read IP mode file for STMicroelectronics.X-CUBE-ST67W61.1.1.0
2025-11-08 18:37:36,471 [WARN] PackLoader:240 - Cannot read IP mode file for STMicroelectronics.X-CUBE-AZRTOS-G0.1.1.0
2025-11-08 18:37:36,480 [WARN] PackLoader:240 - Cannot read IP mode file for STMicroelectronics.X-CUBE-SAFEA1.1.2.2
2025-11-08 18:37:36,487 [WARN] PackLoader:240 - Cannot read IP mode file for STMicroelectronics.X-CUBE-NFC4.3.0.0
2025-11-08 18:37:36,509 [WARN] PackLoader:240 - Cannot read IP mode file for EmbeddedOffice.I-CUBE-FS-RTOS.1.0.1
2025-11-08 18:37:36,519 [WARN] PackLoader:240 - Cannot read IP mode file for STMicroelectronics.X-CUBE-WB05N.2.0.0
2025-11-08 18:37:36,525 [WARN] PackLoader:240 - Cannot read IP mode file for wolfSSL.I-CUBE-wolfTPM.3.8.0
2025-11-08 18:37:36,533 [WARN] PackLoader:240 - Cannot read IP mode file for STMicroelectronics.X-CUBE-TCPP.4.2.0
2025-11-08 18:37:36,541 [WARN] PackLoader:240 - Cannot read IP mode file for RealThread.X-CUBE-RT-Thread_Nano.4.1.1
2025-11-08 18:37:36,548 [WARN] PackLoader:240 - Cannot read IP mode file for STMicroelectronics.FP-ATR-SIGFOX1.3.2.0
2025-11-08 18:37:36,560 [WARN] PackLoader:240 - Cannot read IP mode file for ITTIA_DB.I-CUBE-ITTIADB.8.9.0
2025-11-08 18:37:36,571 [WARN] PackLoader:240 - Cannot read IP mode file for STMicroelectronics.X-CUBE-ST67W61.1.0.0
2025-11-08 18:37:36,579 [WARN] PackLoader:240 - Cannot read IP mode file for STMicroelectronics.X-CUBE-AI.10.2.0
2025-11-08 18:37:36,685 [WARN] PackLoader:240 - Cannot read IP mode file for SEGGER.I-CUBE-embOS.1.3.1
2025-11-08 18:37:36,773 [WARN] PackLoader:240 - Cannot read IP mode file for STMicroelectronics.X-CUBE-ALGOBUILD.1.4.0
2025-11-08 18:37:36,833 [WARN] PackLoader:240 - Cannot read IP mode file for STMicroelectronics.X-CUBE-MEMS1.11.3.0
2025-11-08 18:37:36,996 [WARN] PackLoader:240 - Cannot read IP mode file for STMicroelectronics.X-CUBE-PM33A1.1.0.0
2025-11-08 18:37:37,016 [WARN] PackLoader:240 - Cannot read IP mode file for STMicroelectronics.X-CUBE-AZRTOS-F4.1.1.0
2025-11-08 18:37:37,023 [WARN] PackLoader:240 - Cannot read IP mode file for Avnet-IotConnect.X-CUBE-IoTC-DA16k-PMOD.1.0.0
2025-11-08 18:37:37,028 [WARN] PackLoader:240 - Cannot read IP mode file for STMicroelectronics.X-CUBE-ISPU.2.1.0
2025-11-08 18:37:37,044 [WARN] PackLoader:240 - Cannot read IP mode file for STMicroelectronics.X-CUBE-IPS.3.2.0
2025-11-08 18:37:37,060 [WARN] PackLoader:240 - Cannot read IP mode file for STMicroelectronics.X-CUBE-NFC12.1.0.0
2025-11-08 18:37:37,080 [WARN] PackLoader:240 - Cannot read IP mode file for STMicroelectronics.X-CUBE-AZRTOS-L5.2.0.0
2025-11-08 18:37:37,093 [WARN] PackLoader:240 - Cannot read IP mode file for STMicroelectronics.X-CUBE-NFC6.3.1.0
2025-11-08 18:37:37,102 [WARN] PackLoader:240 - Cannot read IP mode file for STMicroelectronics.X-CUBE-FREERTOS.1.3.1
2025-11-08 18:37:37,108 [WARN] PackLoader:240 - Cannot read IP mode file for STMicroelectronics.X-CUBE-TOUCHGFX.4.26.0
2025-11-08 18:37:37,114 [WARN] PackLoader:240 - Cannot read IP mode file for STMicroelectronics.FP-SNS-STAIOTCFT.1.0.0
2025-11-08 18:37:37,121 [WARN] PackLoader:240 - Cannot read IP mode file for STMicroelectronics.X-CUBE-DPower.1.3.0
2025-11-08 18:37:37,152 [WARN] ConditionMgr:438 - getConditionDescription Invalid condition id : LAN8742 Phy interface Condition cause : null
2025-11-08 18:37:37,153 [WARN] PackLoader:240 - Cannot read IP mode file for STMicroelectronics.X-CUBE-AZRTOS-L4.2.0.0
2025-11-08 18:37:37,155 [WARN] ConditionMgr:1044 - genDependencies : Invalid condition id : LAN8742 Phy interface Condition cause : null
2025-11-08 18:37:37,155 [WARN] ConditionMgr:1044 - genDependencies : Invalid condition id : LAN8742 Phy interface Condition cause : null
2025-11-08 18:37:37,156 [WARN] ConditionMgr:1044 - genDependencies : Invalid condition id : LAN8742 Phy interface Condition cause : null
2025-11-08 18:37:37,164 [WARN] PackLoader:240 - Cannot read IP mode file for STMicroelectronics.X-CUBE-SFXS2LP1.4.0.0
2025-11-08 18:37:37,177 [WARN] PackLoader:240 - Cannot read IP mode file for STMicroelectronics.X-CUBE-BLEMGR.4.1.0
2025-11-08 18:37:37,195 [WARN] ConditionMgr:438 - getConditionDescription Invalid condition id : UX DEVICE CLASS RTOS Condition cause : null
2025-11-08 18:37:37,195 [WARN] ConditionMgr:438 - getConditionDescription Invalid condition id : UX DEVICE CLASS RTOS Condition cause : null
2025-11-08 18:37:37,197 [WARN] PackLoader:240 - Cannot read IP mode file for STMicroelectronics.X-CUBE-AZRTOS-WB.2.0.0
2025-11-08 18:37:37,198 [WARN] ConditionMgr:1044 - genDependencies : Invalid condition id : UX DEVICE CLASS RTOS Condition cause : null
2025-11-08 18:37:37,198 [WARN] ConditionMgr:1044 - genDependencies : Invalid condition id : UX DEVICE CLASS RTOS Condition cause : null
2025-11-08 18:37:37,199 [WARN] ConditionMgr:1044 - genDependencies : Invalid condition id : UX DEVICE CLASS RTOS Condition cause : null
2025-11-08 18:37:37,199 [WARN] ConditionMgr:1044 - genDependencies : Invalid condition id : UX DEVICE CLASS RTOS Condition cause : null
2025-11-08 18:37:37,199 [WARN] ConditionMgr:1044 - genDependencies : Invalid condition id : UX DEVICE CLASS RTOS Condition cause : null
2025-11-08 18:37:37,206 [WARN] PackLoader:240 - Cannot read IP mode file for STMicroelectronics.X-CUBE-GNSS1.7.0.1
2025-11-08 18:37:37,211 [WARN] PackLoader:240 - Cannot read IP mode file for STMicroelectronics.X-CUBE-TOUCHGFX.4.25.0
2025-11-08 18:37:37,215 [WARN] ConditionMgr:438 - getConditionDescription Invalid condition id : Cortex-A Device cause : null
2025-11-08 18:37:37,225 [WARN] ConditionMgr:1044 - genDependencies : Invalid condition id : Cortex-A Device cause : null
2025-11-08 18:37:37,225 [WARN] ConditionMgr:1044 - genDependencies : Invalid condition id : Cortex-A Device cause : null
2025-11-08 18:37:37,225 [WARN] ConditionMgr:1044 - genDependencies : Invalid condition id : Cortex-A Device cause : null
2025-11-08 18:37:37,236 [WARN] PackLoader:240 - Cannot read IP mode file for STMicroelectronics.X-CUBE-SUBG2.5.0.0
2025-11-08 18:37:37,262 [WARN] PackLoader:240 - Cannot read IP mode file for STMicroelectronics.X-CUBE-AZRTOS-H7RS.1.1.0
2025-11-08 18:37:37,269 [WARN] PackLoader:240 - Cannot read IP mode file for Cesanta.I-CUBE-Mongoose.7.13.0
2025-11-08 18:37:37,284 [WARN] PackLoader:240 - Cannot read IP mode file for STMicroelectronics.X-CUBE-AZRTOS-G4.2.0.0
2025-11-08 18:37:37,290 [WARN] PackLoader:240 - Cannot read IP mode file for wolfSSL.I-CUBE-wolfSSH.1.4.20
2025-11-08 18:37:37,294 [WARN] PackLoader:240 - Cannot read IP mode file for STMicroelectronics.X-CUBE-NFC7.2.0.0
2025-11-08 18:37:37,306 [WARN] PackLoader:240 - Cannot read IP mode file for STMicroelectronics.X-CUBE-IPS.3.1.0
2025-11-08 18:37:37,317 [WARN] PackLoader:240 - Cannot read IP mode file for STMicroelectronics.X-CUBE-ALS.1.0.2
2025-11-08 18:37:37,324 [WARN] PackLoader:240 - Cannot read IP mode file for STMicroelectronics.X-CUBE-STSE01.1.0.0
2025-11-08 18:37:37,336 [WARN] PackLoader:240 - Cannot read IP mode file for STMicroelectronics.X-CUBE-TOF1.3.4.3
2025-11-08 18:37:37,349 [INFO] ThirdParty:978 - Integrity check success = true
2025-11-08 18:37:37,349 [INFO] IntegrityCheckThread:100 - exiting critical section [integrity check]
2025-11-08 18:37:37,349 [INFO] IntegrityCheckThread:103 - End integrity checks thread
2025-11-08 18:37:48,972 [ERROR] LogOutputStream:75 - [STDERR_REDIRECT] Nov 08, 2025 6:37:48 PM java.util.prefs.FileSystemPreferences checkLockFile0ErrorCode
2025-11-08 18:37:48,973 [ERROR] LogOutputStream:75 - [STDERR_REDIRECT] WARNING: Could not lock System prefs. Unix error code 2.
2025-11-08 18:37:48,974 [ERROR] LogOutputStream:75 - [STDERR_REDIRECT] 
2025-11-08 18:37:48,974 [ERROR] LogOutputStream:75 - [STDERR_REDIRECT] Nov 08, 2025 6:37:48 PM java.util.prefs.FileSystemPreferences syncWorld
2025-11-08 18:37:48,975 [ERROR] LogOutputStream:75 - [STDERR_REDIRECT] WARNING: Couldn't flush system prefs: java.util.prefs.BackingStoreException: Couldn't get file lock.
2025-11-08 18:37:48,975 [ERROR] LogOutputStream:75 - [STDERR_REDIRECT] 
2025-11-08 18:39:04,115 [ERROR] LogOutputStream:75 - [STDERR_REDIRECT] Nov 08, 2025 6:38:12 PM java.util.prefs.FileSystemPreferences checkLockFile0ErrorCode
2025-11-08 18:39:04,115 [ERROR] LogOutputStream:75 - [STDERR_REDIRECT] WARNING: Could not lock System prefs. Unix error code 2.
2025-11-08 18:39:04,115 [ERROR] LogOutputStream:75 - [STDERR_REDIRECT] 
2025-11-08 18:39:04,116 [ERROR] LogOutputStream:75 - [STDERR_REDIRECT] Nov 08, 2025 6:39:04 PM java.util.prefs.FileSystemPreferences syncWorld
2025-11-08 18:39:04,116 [ERROR] LogOutputStream:75 - [STDERR_REDIRECT] WARNING: Couldn't flush system prefs: java.util.prefs.BackingStoreException: Couldn't get file lock.
2025-11-08 18:39:04,116 [ERROR] LogOutputStream:75 - [STDERR_REDIRECT] 
2025-11-08 18:39:05,669 [ERROR] LogOutputStream:75 - [STDERR_REDIRECT] Nov 08, 2025 6:39:05 PM java.util.prefs.FileSystemPreferences checkLockFile0ErrorCode
2025-11-08 18:39:05,669 [ERROR] LogOutputStream:75 - [STDERR_REDIRECT] WARNING: Could not lock System prefs. Unix error code 2.
2025-11-08 18:39:05,670 [ERROR] LogOutputStream:75 - [STDERR_REDIRECT] 
2025-11-08 18:39:05,670 [ERROR] LogOutputStream:75 - [STDERR_REDIRECT] Nov 08, 2025 6:39:05 PM java.util.prefs.FileSystemPreferences syncWorld
2025-11-08 18:39:05,670 [ERROR] LogOutputStream:75 - [STDERR_REDIRECT] WARNING: Couldn't flush system prefs: java.util.prefs.BackingStoreException: Couldn't get file lock.
2025-11-08 18:39:05,671 [ERROR] LogOutputStream:75 - [STDERR_REDIRECT] 
2025-11-08 18:39:35,669 [ERROR] LogOutputStream:75 - [STDERR_REDIRECT] Nov 08, 2025 6:39:35 PM java.util.prefs.FileSystemPreferences checkLockFile0ErrorCode
2025-11-08 18:39:35,670 [ERROR] LogOutputStream:75 - [STDERR_REDIRECT] WARNING: Could not lock System prefs. Unix error code 2.
2025-11-08 18:39:35,670 [ERROR] LogOutputStream:75 - [STDERR_REDIRECT] 
2025-11-08 18:39:35,671 [ERROR] LogOutputStream:75 - [STDERR_REDIRECT] Nov 08, 2025 6:39:35 PM java.util.prefs.FileSystemPreferences syncWorld
2025-11-08 18:39:35,671 [ERROR] LogOutputStream:75 - [STDERR_REDIRECT] WARNING: Couldn't flush system prefs: java.util.prefs.BackingStoreException: Couldn't get file lock.
2025-11-08 18:39:35,671 [ERROR] LogOutputStream:75 - [STDERR_REDIRECT] 
2025-11-08 18:40:05,671 [ERROR] LogOutputStream:75 - [STDERR_REDIRECT] Nov 08, 2025 6:40:05 PM java.util.prefs.FileSystemPreferences checkLockFile0ErrorCode
2025-11-08 18:40:05,671 [ERROR] LogOutputStream:75 - [STDERR_REDIRECT] WARNING: Could not lock System prefs. Unix error code 2.
2025-11-08 18:40:05,672 [ERROR] LogOutputStream:75 - [STDERR_REDIRECT] 
2025-11-08 18:40:05,673 [ERROR] LogOutputStream:75 - [STDERR_REDIRECT] Nov 08, 2025 6:40:05 PM java.util.prefs.FileSystemPreferences syncWorld
2025-11-08 18:40:05,673 [ERROR] LogOutputStream:75 - [STDERR_REDIRECT] WARNING: Couldn't flush system prefs: java.util.prefs.BackingStoreException: Couldn't get file lock.
2025-11-08 18:40:05,673 [ERROR] LogOutputStream:75 - [STDERR_REDIRECT] 
2025-11-08 18:40:35,671 [ERROR] LogOutputStream:75 - [STDERR_REDIRECT] Nov 08, 2025 6:40:35 PM java.util.prefs.FileSystemPreferences checkLockFile0ErrorCode
2025-11-08 18:40:35,672 [ERROR] LogOutputStream:75 - [STDERR_REDIRECT] WARNING: Could not lock System prefs. Unix error code 2.
2025-11-08 18:40:35,672 [ERROR] LogOutputStream:75 - [STDERR_REDIRECT] 
2025-11-08 18:40:35,672 [ERROR] LogOutputStream:75 - [STDERR_REDIRECT] Nov 08, 2025 6:40:35 PM java.util.prefs.FileSystemPreferences syncWorld
2025-11-08 18:40:35,672 [ERROR] LogOutputStream:75 - [STDERR_REDIRECT] WARNING: Couldn't flush system prefs: java.util.prefs.BackingStoreException: Couldn't get file lock.
2025-11-08 18:40:35,673 [ERROR] LogOutputStream:75 - [STDERR_REDIRECT] 
2025-11-08 18:41:05,671 [ERROR] LogOutputStream:75 - [STDERR_REDIRECT] Nov 08, 2025 6:41:05 PM java.util.prefs.FileSystemPreferences checkLockFile0ErrorCode
2025-11-08 18:41:05,671 [ERROR] LogOutputStream:75 - [STDERR_REDIRECT] WARNING: Could not lock System prefs. Unix error code 2.
2025-11-08 18:41:05,672 [ERROR] LogOutputStream:75 - [STDERR_REDIRECT] 
2025-11-08 18:41:05,672 [ERROR] LogOutputStream:75 - [STDERR_REDIRECT] Nov 08, 2025 6:41:05 PM java.util.prefs.FileSystemPreferences syncWorld
2025-11-08 18:41:05,672 [ERROR] LogOutputStream:75 - [STDERR_REDIRECT] WARNING: Couldn't flush system prefs: java.util.prefs.BackingStoreException: Couldn't get file lock.
2025-11-08 18:41:05,673 [ERROR] LogOutputStream:75 - [STDERR_REDIRECT] 
2025-11-08 18:41:35,671 [ERROR] LogOutputStream:75 - [STDERR_REDIRECT] Nov 08, 2025 6:41:35 PM java.util.prefs.FileSystemPreferences checkLockFile0ErrorCode
2025-11-08 18:41:35,671 [ERROR] LogOutputStream:75 - [STDERR_REDIRECT] WARNING: Could not lock System prefs. Unix error code 2.
2025-11-08 18:41:35,671 [ERROR] LogOutputStream:75 - [STDERR_REDIRECT] 
2025-11-08 18:41:35,672 [ERROR] LogOutputStream:75 - [STDERR_REDIRECT] Nov 08, 2025 6:41:35 PM java.util.prefs.FileSystemPreferences syncWorld
2025-11-08 18:41:35,672 [ERROR] LogOutputStream:75 - [STDERR_REDIRECT] WARNING: Couldn't flush system prefs: java.util.prefs.BackingStoreException: Couldn't get file lock.
2025-11-08 18:41:35,672 [ERROR] LogOutputStream:75 - [STDERR_REDIRECT] 
2025-11-08 18:42:05,672 [ERROR] LogOutputStream:75 - [STDERR_REDIRECT] Nov 08, 2025 6:42:05 PM java.util.prefs.FileSystemPreferences checkLockFile0ErrorCode
2025-11-08 18:42:05,672 [ERROR] LogOutputStream:75 - [STDERR_REDIRECT] WARNING: Could not lock System prefs. Unix error code 2.
2025-11-08 18:42:05,673 [ERROR] LogOutputStream:75 - [STDERR_REDIRECT] 
2025-11-08 18:42:05,673 [ERROR] LogOutputStream:75 - [STDERR_REDIRECT] Nov 08, 2025 6:42:05 PM java.util.prefs.FileSystemPreferences syncWorld
2025-11-08 18:42:05,674 [ERROR] LogOutputStream:75 - [STDERR_REDIRECT] WARNING: Couldn't flush system prefs: java.util.prefs.BackingStoreException: Couldn't get file lock.
2025-11-08 18:42:05,674 [ERROR] LogOutputStream:75 - [STDERR_REDIRECT] 
2025-11-08 18:42:35,672 [ERROR] LogOutputStream:75 - [STDERR_REDIRECT] Nov 08, 2025 6:42:35 PM java.util.prefs.FileSystemPreferences checkLockFile0ErrorCode
2025-11-08 18:42:35,672 [ERROR] LogOutputStream:75 - [STDERR_REDIRECT] WARNING: Could not lock System prefs. Unix error code 2.
2025-11-08 18:42:35,684 [ERROR] LogOutputStream:75 - [STDERR_REDIRECT] 
2025-11-08 18:42:35,685 [ERROR] LogOutputStream:75 - [STDERR_REDIRECT] Nov 08, 2025 6:42:35 PM java.util.prefs.FileSystemPreferences syncWorld
2025-11-08 18:42:35,686 [ERROR] LogOutputStream:75 - [STDERR_REDIRECT] WARNING: Couldn't flush system prefs: java.util.prefs.BackingStoreException: Couldn't get file lock.
2025-11-08 18:42:35,686 [ERROR] LogOutputStream:75 - [STDERR_REDIRECT] 
2025-11-08 18:43:05,672 [ERROR] LogOutputStream:75 - [STDERR_REDIRECT] Nov 08, 2025 6:43:05 PM java.util.prefs.FileSystemPreferences checkLockFile0ErrorCode
2025-11-08 18:43:05,672 [ERROR] LogOutputStream:75 - [STDERR_REDIRECT] WARNING: Could not lock System prefs. Unix error code 2.
2025-11-08 18:43:05,673 [ERROR] LogOutputStream:75 - [STDERR_REDIRECT] 
2025-11-08 18:43:05,673 [ERROR] LogOutputStream:75 - [STDERR_REDIRECT] Nov 08, 2025 6:43:05 PM java.util.prefs.FileSystemPreferences syncWorld
2025-11-08 18:43:05,673 [ERROR] LogOutputStream:75 - [STDERR_REDIRECT] WARNING: Couldn't flush system prefs: java.util.prefs.BackingStoreException: Couldn't get file lock.
2025-11-08 18:43:05,674 [ERROR] LogOutputStream:75 - [STDERR_REDIRECT] 
2025-11-08 18:43:35,672 [ERROR] LogOutputStream:75 - [STDERR_REDIRECT] Nov 08, 2025 6:43:35 PM java.util.prefs.FileSystemPreferences checkLockFile0ErrorCode
2025-11-08 18:43:35,672 [ERROR] LogOutputStream:75 - [STDERR_REDIRECT] WARNING: Could not lock System prefs. Unix error code 2.
2025-11-08 18:43:35,672 [ERROR] LogOutputStream:75 - [STDERR_REDIRECT] 
2025-11-08 18:43:35,673 [ERROR] LogOutputStream:75 - [STDERR_REDIRECT] Nov 08, 2025 6:43:35 PM java.util.prefs.FileSystemPreferences syncWorld
2025-11-08 18:43:35,673 [ERROR] LogOutputStream:75 - [STDERR_REDIRECT] WARNING: Couldn't flush system prefs: java.util.prefs.BackingStoreException: Couldn't get file lock.
2025-11-08 18:43:35,673 [ERROR] LogOutputStream:75 - [STDERR_REDIRECT] 
2025-11-08 18:44:05,672 [ERROR] LogOutputStream:75 - [STDERR_REDIRECT] Nov 08, 2025 6:44:05 PM java.util.prefs.FileSystemPreferences checkLockFile0ErrorCode
2025-11-08 18:44:05,673 [ERROR] LogOutputStream:75 - [STDERR_REDIRECT] WARNING: Could not lock System prefs. Unix error code 2.
2025-11-08 18:44:05,673 [ERROR] LogOutputStream:75 - [STDERR_REDIRECT] 
2025-11-08 18:44:05,674 [ERROR] LogOutputStream:75 - [STDERR_REDIRECT] Nov 08, 2025 6:44:05 PM java.util.prefs.FileSystemPreferences syncWorld
2025-11-08 18:44:05,674 [ERROR] LogOutputStream:75 - [STDERR_REDIRECT] WARNING: Couldn't flush system prefs: java.util.prefs.BackingStoreException: Couldn't get file lock.
2025-11-08 18:44:05,674 [ERROR] LogOutputStream:75 - [STDERR_REDIRECT] 
2025-11-08 18:44:35,673 [ERROR] LogOutputStream:75 - [STDERR_REDIRECT] Nov 08, 2025 6:44:35 PM java.util.prefs.FileSystemPreferences checkLockFile0ErrorCode
2025-11-08 18:44:35,673 [ERROR] LogOutputStream:75 - [STDERR_REDIRECT] WARNING: Could not lock System prefs. Unix error code 2.
2025-11-08 18:44:35,674 [ERROR] LogOutputStream:75 - [STDERR_REDIRECT] 
2025-11-08 18:44:35,674 [ERROR] LogOutputStream:75 - [STDERR_REDIRECT] Nov 08, 2025 6:44:35 PM java.util.prefs.FileSystemPreferences syncWorld
2025-11-08 18:44:35,674 [ERROR] LogOutputStream:75 - [STDERR_REDIRECT] WARNING: Couldn't flush system prefs: java.util.prefs.BackingStoreException: Couldn't get file lock.
2025-11-08 18:44:35,674 [ERROR] LogOutputStream:75 - [STDERR_REDIRECT] 
2025-11-08 18:45:05,674 [ERROR] LogOutputStream:75 - [STDERR_REDIRECT] Nov 08, 2025 6:45:05 PM java.util.prefs.FileSystemPreferences checkLockFile0ErrorCode
2025-11-08 18:45:05,675 [ERROR] LogOutputStream:75 - [STDERR_REDIRECT] WARNING: Could not lock System prefs. Unix error code 2.
2025-11-08 18:45:05,675 [ERROR] LogOutputStream:75 - [STDERR_REDIRECT] 
2025-11-08 18:45:05,675 [ERROR] LogOutputStream:75 - [STDERR_REDIRECT] Nov 08, 2025 6:45:05 PM java.util.prefs.FileSystemPreferences syncWorld
2025-11-08 18:45:05,676 [ERROR] LogOutputStream:75 - [STDERR_REDIRECT] WARNING: Couldn't flush system prefs: java.util.prefs.BackingStoreException: Couldn't get file lock.
2025-11-08 18:45:05,676 [ERROR] LogOutputStream:75 - [STDERR_REDIRECT] 
2025-11-08 18:45:35,676 [ERROR] LogOutputStream:75 - [STDERR_REDIRECT] Nov 08, 2025 6:45:35 PM java.util.prefs.FileSystemPreferences checkLockFile0ErrorCode
2025-11-08 18:45:35,676 [ERROR] LogOutputStream:75 - [STDERR_REDIRECT] WARNING: Could not lock System prefs. Unix error code 2.
2025-11-08 18:45:35,677 [ERROR] LogOutputStream:75 - [STDERR_REDIRECT] 
2025-11-08 18:45:35,677 [ERROR] LogOutputStream:75 - [STDERR_REDIRECT] Nov 08, 2025 6:45:35 PM java.util.prefs.FileSystemPreferences syncWorld
2025-11-08 18:45:35,678 [ERROR] LogOutputStream:75 - [STDERR_REDIRECT] WARNING: Couldn't flush system prefs: java.util.prefs.BackingStoreException: Couldn't get file lock.
2025-11-08 18:45:35,678 [ERROR] LogOutputStream:75 - [STDERR_REDIRECT] 
2025-11-08 18:46:05,673 [ERROR] LogOutputStream:75 - [STDERR_REDIRECT] Nov 08, 2025 6:46:05 PM java.util.prefs.FileSystemPreferences checkLockFile0ErrorCode
2025-11-08 18:46:05,673 [ERROR] LogOutputStream:75 - [STDERR_REDIRECT] WARNING: Could not lock System prefs. Unix error code 2.
2025-11-08 18:46:05,674 [ERROR] LogOutputStream:75 - [STDERR_REDIRECT] 
2025-11-08 18:46:05,674 [ERROR] LogOutputStream:75 - [STDERR_REDIRECT] Nov 08, 2025 6:46:05 PM java.util.prefs.FileSystemPreferences syncWorld
2025-11-08 18:46:05,675 [ERROR] LogOutputStream:75 - [STDERR_REDIRECT] WARNING: Couldn't flush system prefs: java.util.prefs.BackingStoreException: Couldn't get file lock.
2025-11-08 18:46:05,675 [ERROR] LogOutputStream:75 - [STDERR_REDIRECT] 
2025-11-08 18:46:35,676 [ERROR] LogOutputStream:75 - [STDERR_REDIRECT] Nov 08, 2025 6:46:35 PM java.util.prefs.FileSystemPreferences checkLockFile0ErrorCode
2025-11-08 18:46:35,676 [ERROR] LogOutputStream:75 - [STDERR_REDIRECT] WARNING: Could not lock System prefs. Unix error code 2.
2025-11-08 18:46:35,676 [ERROR] LogOutputStream:75 - [STDERR_REDIRECT] 
2025-11-08 18:46:35,677 [ERROR] LogOutputStream:75 - [STDERR_REDIRECT] Nov 08, 2025 6:46:35 PM java.util.prefs.FileSystemPreferences syncWorld
2025-11-08 18:46:35,677 [ERROR] LogOutputStream:75 - [STDERR_REDIRECT] WARNING: Couldn't flush system prefs: java.util.prefs.BackingStoreException: Couldn't get file lock.
2025-11-08 18:46:35,678 [ERROR] LogOutputStream:75 - [STDERR_REDIRECT] 
2025-11-08 18:47:32,368 [ERROR] LogOutputStream:75 - [STDERR_REDIRECT] Nov 08, 2025 6:47:32 PM java.util.prefs.FileSystemPreferences checkLockFile0ErrorCode
2025-11-08 18:47:32,368 [ERROR] LogOutputStream:75 - [STDERR_REDIRECT] WARNING: Could not lock System prefs. Unix error code 2.
2025-11-08 18:47:32,369 [ERROR] LogOutputStream:75 - [STDERR_REDIRECT] 
2025-11-08 18:47:32,369 [ERROR] LogOutputStream:75 - [STDERR_REDIRECT] Nov 08, 2025 6:47:32 PM java.util.prefs.FileSystemPreferences syncWorld
2025-11-08 18:47:32,369 [ERROR] LogOutputStream:75 - [STDERR_REDIRECT] WARNING: Couldn't flush system prefs: java.util.prefs.BackingStoreException: Couldn't get file lock.
2025-11-08 18:47:32,370 [ERROR] LogOutputStream:75 - [STDERR_REDIRECT] 
2025-11-08 18:48:02,367 [ERROR] LogOutputStream:75 - [STDERR_REDIRECT] Nov 08, 2025 6:48:02 PM java.util.prefs.FileSystemPreferences checkLockFile0ErrorCode
2025-11-08 18:48:02,368 [ERROR] LogOutputStream:75 - [STDERR_REDIRECT] WARNING: Could not lock System prefs. Unix error code 2.
2025-11-08 18:48:02,371 [ERROR] LogOutputStream:75 - [STDERR_REDIRECT] 
2025-11-08 18:48:02,371 [ERROR] LogOutputStream:75 - [STDERR_REDIRECT] Nov 08, 2025 6:48:02 PM java.util.prefs.FileSystemPreferences syncWorld
2025-11-08 18:48:02,371 [ERROR] LogOutputStream:75 - [STDERR_REDIRECT] WARNING: Couldn't flush system prefs: java.util.prefs.BackingStoreException: Couldn't get file lock.
2025-11-08 18:48:02,372 [ERROR] LogOutputStream:75 - [STDERR_REDIRECT] 
2025-11-08 18:48:32,368 [ERROR] LogOutputStream:75 - [STDERR_REDIRECT] Nov 08, 2025 6:48:32 PM java.util.prefs.FileSystemPreferences checkLockFile0ErrorCode
2025-11-08 18:48:32,369 [ERROR] LogOutputStream:75 - [STDERR_REDIRECT] WARNING: Could not lock System prefs. Unix error code 2.
2025-11-08 18:48:32,369 [ERROR] LogOutputStream:75 - [STDERR_REDIRECT] 
2025-11-08 18:48:32,370 [ERROR] LogOutputStream:75 - [STDERR_REDIRECT] Nov 08, 2025 6:48:32 PM java.util.prefs.FileSystemPreferences syncWorld
2025-11-08 18:48:32,370 [ERROR] LogOutputStream:75 - [STDERR_REDIRECT] WARNING: Couldn't flush system prefs: java.util.prefs.BackingStoreException: Couldn't get file lock.
2025-11-08 18:48:32,370 [ERROR] LogOutputStream:75 - [STDERR_REDIRECT] 
2025-11-08 18:49:02,368 [ERROR] LogOutputStream:75 - [STDERR_REDIRECT] Nov 08, 2025 6:49:02 PM java.util.prefs.FileSystemPreferences checkLockFile0ErrorCode
2025-11-08 18:49:02,369 [ERROR] LogOutputStream:75 - [STDERR_REDIRECT] WARNING: Could not lock System prefs. Unix error code 2.
2025-11-08 18:49:02,369 [ERROR] LogOutputStream:75 - [STDERR_REDIRECT] 
2025-11-08 18:49:02,370 [ERROR] LogOutputStream:75 - [STDERR_REDIRECT] Nov 08, 2025 6:49:02 PM java.util.prefs.FileSystemPreferences syncWorld
2025-11-08 18:49:02,370 [ERROR] LogOutputStream:75 - [STDERR_REDIRECT] WARNING: Couldn't flush system prefs: java.util.prefs.BackingStoreException: Couldn't get file lock.
2025-11-08 18:49:02,370 [ERROR] LogOutputStream:75 - [STDERR_REDIRECT] 
2025-11-08 18:49:32,368 [ERROR] LogOutputStream:75 - [STDERR_REDIRECT] Nov 08, 2025 6:49:32 PM java.util.prefs.FileSystemPreferences checkLockFile0ErrorCode
2025-11-08 18:49:32,368 [ERROR] LogOutputStream:75 - [STDERR_REDIRECT] WARNING: Could not lock System prefs. Unix error code 2.
2025-11-08 18:49:32,369 [ERROR] LogOutputStream:75 - [STDERR_REDIRECT] 
2025-11-08 18:49:32,370 [ERROR] LogOutputStream:75 - [STDERR_REDIRECT] Nov 08, 2025 6:49:32 PM java.util.prefs.FileSystemPreferences syncWorld
2025-11-08 18:49:32,370 [ERROR] LogOutputStream:75 - [STDERR_REDIRECT] WARNING: Couldn't flush system prefs: java.util.prefs.BackingStoreException: Couldn't get file lock.
2025-11-08 18:49:32,370 [ERROR] LogOutputStream:75 - [STDERR_REDIRECT] 
2025-11-08 18:50:02,370 [ERROR] LogOutputStream:75 - [STDERR_REDIRECT] Nov 08, 2025 6:50:02 PM java.util.prefs.FileSystemPreferences checkLockFile0ErrorCode
2025-11-08 18:50:02,370 [ERROR] LogOutputStream:75 - [STDERR_REDIRECT] WARNING: Could not lock System prefs. Unix error code 2.
2025-11-08 18:50:02,370 [ERROR] LogOutputStream:75 - [STDERR_REDIRECT] 
2025-11-08 18:50:02,371 [ERROR] LogOutputStream:75 - [STDERR_REDIRECT] Nov 08, 2025 6:50:02 PM java.util.prefs.FileSystemPreferences syncWorld
2025-11-08 18:50:02,371 [ERROR] LogOutputStream:75 - [STDERR_REDIRECT] WARNING: Couldn't flush system prefs: java.util.prefs.BackingStoreException: Couldn't get file lock.
2025-11-08 18:50:02,372 [ERROR] LogOutputStream:75 - [STDERR_REDIRECT] 
2025-11-08 18:50:32,369 [ERROR] LogOutputStream:75 - [STDERR_REDIRECT] Nov 08, 2025 6:50:32 PM java.util.prefs.FileSystemPreferences checkLockFile0ErrorCode
2025-11-08 18:50:32,370 [ERROR] LogOutputStream:75 - [STDERR_REDIRECT] WARNING: Could not lock System prefs. Unix error code 2.
2025-11-08 18:50:32,370 [ERROR] LogOutputStream:75 - [STDERR_REDIRECT] 
2025-11-08 18:50:32,371 [ERROR] LogOutputStream:75 - [STDERR_REDIRECT] Nov 08, 2025 6:50:32 PM java.util.prefs.FileSystemPreferences syncWorld
2025-11-08 18:50:32,371 [ERROR] LogOutputStream:75 - [STDERR_REDIRECT] WARNING: Couldn't flush system prefs: java.util.prefs.BackingStoreException: Couldn't get file lock.
2025-11-08 18:50:32,371 [ERROR] LogOutputStream:75 - [STDERR_REDIRECT] 
2025-11-08 18:51:02,370 [ERROR] LogOutputStream:75 - [STDERR_REDIRECT] Nov 08, 2025 6:51:02 PM java.util.prefs.FileSystemPreferences checkLockFile0ErrorCode
2025-11-08 18:51:02,370 [ERROR] LogOutputStream:75 - [STDERR_REDIRECT] WARNING: Could not lock System prefs. Unix error code 2.
2025-11-08 18:51:02,371 [ERROR] LogOutputStream:75 - [STDERR_REDIRECT] 
2025-11-08 18:51:02,371 [ERROR] LogOutputStream:75 - [STDERR_REDIRECT] Nov 08, 2025 6:51:02 PM java.util.prefs.FileSystemPreferences syncWorld
2025-11-08 18:51:02,371 [ERROR] LogOutputStream:75 - [STDERR_REDIRECT] WARNING: Couldn't flush system prefs: java.util.prefs.BackingStoreException: Couldn't get file lock.
2025-11-08 18:51:02,372 [ERROR] LogOutputStream:75 - [STDERR_REDIRECT] 
2025-11-08 18:51:32,370 [ERROR] LogOutputStream:75 - [STDERR_REDIRECT] Nov 08, 2025 6:51:32 PM java.util.prefs.FileSystemPreferences checkLockFile0ErrorCode
2025-11-08 18:51:32,370 [ERROR] LogOutputStream:75 - [STDERR_REDIRECT] WARNING: Could not lock System prefs. Unix error code 2.
2025-11-08 18:51:32,371 [ERROR] LogOutputStream:75 - [STDERR_REDIRECT] 
2025-11-08 18:51:32,371 [ERROR] LogOutputStream:75 - [STDERR_REDIRECT] Nov 08, 2025 6:51:32 PM java.util.prefs.FileSystemPreferences syncWorld
2025-11-08 18:51:32,372 [ERROR] LogOutputStream:75 - [STDERR_REDIRECT] WARNING: Couldn't flush system prefs: java.util.prefs.BackingStoreException: Couldn't get file lock.
2025-11-08 18:51:32,372 [ERROR] LogOutputStream:75 - [STDERR_REDIRECT] 
2025-11-08 18:52:02,370 [ERROR] LogOutputStream:75 - [STDERR_REDIRECT] Nov 08, 2025 6:52:02 PM java.util.prefs.FileSystemPreferences checkLockFile0ErrorCode
2025-11-08 18:52:02,371 [ERROR] LogOutputStream:75 - [STDERR_REDIRECT] WARNING: Could not lock System prefs. Unix error code 2.
2025-11-08 18:52:02,371 [ERROR] LogOutputStream:75 - [STDERR_REDIRECT] 
2025-11-08 18:52:02,371 [ERROR] LogOutputStream:75 - [STDERR_REDIRECT] Nov 08, 2025 6:52:02 PM java.util.prefs.FileSystemPreferences syncWorld
2025-11-08 18:52:02,372 [ERROR] LogOutputStream:75 - [STDERR_REDIRECT] WARNING: Couldn't flush system prefs: java.util.prefs.BackingStoreException: Couldn't get file lock.
2025-11-08 18:52:02,372 [ERROR] LogOutputStream:75 - [STDERR_REDIRECT] 
2025-11-08 18:52:32,371 [ERROR] LogOutputStream:75 - [STDERR_REDIRECT] Nov 08, 2025 6:52:32 PM java.util.prefs.FileSystemPreferences checkLockFile0ErrorCode
2025-11-08 18:52:32,371 [ERROR] LogOutputStream:75 - [STDERR_REDIRECT] WARNING: Could not lock System prefs. Unix error code 2.
2025-11-08 18:52:32,371 [ERROR] LogOutputStream:75 - [STDERR_REDIRECT] 
2025-11-08 18:52:32,372 [ERROR] LogOutputStream:75 - [STDERR_REDIRECT] Nov 08, 2025 6:52:32 PM java.util.prefs.FileSystemPreferences syncWorld
2025-11-08 18:52:32,372 [ERROR] LogOutputStream:75 - [STDERR_REDIRECT] WARNING: Couldn't flush system prefs: java.util.prefs.BackingStoreException: Couldn't get file lock.
2025-11-08 18:52:32,372 [ERROR] LogOutputStream:75 - [STDERR_REDIRECT] 
2025-11-08 18:53:02,370 [ERROR] LogOutputStream:75 - [STDERR_REDIRECT] Nov 08, 2025 6:53:02 PM java.util.prefs.FileSystemPreferences checkLockFile0ErrorCode
2025-11-08 18:53:02,370 [ERROR] LogOutputStream:75 - [STDERR_REDIRECT] WARNING: Could not lock System prefs. Unix error code 2.
2025-11-08 18:53:02,371 [ERROR] LogOutputStream:75 - [STDERR_REDIRECT] 
2025-11-08 18:53:02,371 [ERROR] LogOutputStream:75 - [STDERR_REDIRECT] Nov 08, 2025 6:53:02 PM java.util.prefs.FileSystemPreferences syncWorld
2025-11-08 18:53:02,372 [ERROR] LogOutputStream:75 - [STDERR_REDIRECT] WARNING: Couldn't flush system prefs: java.util.prefs.BackingStoreException: Couldn't get file lock.
2025-11-08 18:53:02,373 [ERROR] LogOutputStream:75 - [STDERR_REDIRECT] 
2025-11-08 18:53:32,370 [ERROR] LogOutputStream:75 - [STDERR_REDIRECT] Nov 08, 2025 6:53:32 PM java.util.prefs.FileSystemPreferences checkLockFile0ErrorCode
2025-11-08 18:53:32,371 [ERROR] LogOutputStream:75 - [STDERR_REDIRECT] WARNING: Could not lock System prefs. Unix error code 2.
2025-11-08 18:53:32,371 [ERROR] LogOutputStream:75 - [STDERR_REDIRECT] 
2025-11-08 18:53:32,372 [ERROR] LogOutputStream:75 - [STDERR_REDIRECT] Nov 08, 2025 6:53:32 PM java.util.prefs.FileSystemPreferences syncWorld
2025-11-08 18:53:32,372 [ERROR] LogOutputStream:75 - [STDERR_REDIRECT] WARNING: Couldn't flush system prefs: java.util.prefs.BackingStoreException: Couldn't get file lock.
2025-11-08 18:53:32,372 [ERROR] LogOutputStream:75 - [STDERR_REDIRECT] 
2025-11-08 18:54:02,371 [ERROR] LogOutputStream:75 - [STDERR_REDIRECT] Nov 08, 2025 6:54:02 PM java.util.prefs.FileSystemPreferences checkLockFile0ErrorCode
2025-11-08 18:54:02,371 [ERROR] LogOutputStream:75 - [STDERR_REDIRECT] WARNING: Could not lock System prefs. Unix error code 2.
2025-11-08 18:54:02,371 [ERROR] LogOutputStream:75 - [STDERR_REDIRECT] 
2025-11-08 18:54:02,372 [ERROR] LogOutputStream:75 - [STDERR_REDIRECT] Nov 08, 2025 6:54:02 PM java.util.prefs.FileSystemPreferences syncWorld
2025-11-08 18:54:02,372 [ERROR] LogOutputStream:75 - [STDERR_REDIRECT] WARNING: Couldn't flush system prefs: java.util.prefs.BackingStoreException: Couldn't get file lock.
2025-11-08 18:54:02,372 [ERROR] LogOutputStream:75 - [STDERR_REDIRECT] 
2025-11-08 18:54:32,372 [ERROR] LogOutputStream:75 - [STDERR_REDIRECT] Nov 08, 2025 6:54:32 PM java.util.prefs.FileSystemPreferences checkLockFile0ErrorCode
2025-11-08 18:54:32,372 [ERROR] LogOutputStream:75 - [STDERR_REDIRECT] WARNING: Could not lock System prefs. Unix error code 2.
2025-11-08 18:54:32,372 [ERROR] LogOutputStream:75 - [STDERR_REDIRECT] 
2025-11-08 18:54:32,373 [ERROR] LogOutputStream:75 - [STDERR_REDIRECT] Nov 08, 2025 6:54:32 PM java.util.prefs.FileSystemPreferences syncWorld
2025-11-08 18:54:32,373 [ERROR] LogOutputStream:75 - [STDERR_REDIRECT] WARNING: Couldn't flush system prefs: java.util.prefs.BackingStoreException: Couldn't get file lock.
2025-11-08 18:54:32,373 [ERROR] LogOutputStream:75 - [STDERR_REDIRECT] 
2025-11-08 18:55:02,372 [ERROR] LogOutputStream:75 - [STDERR_REDIRECT] Nov 08, 2025 6:55:02 PM java.util.prefs.FileSystemPreferences checkLockFile0ErrorCode
2025-11-08 18:55:02,373 [ERROR] LogOutputStream:75 - [STDERR_REDIRECT] WARNING: Could not lock System prefs. Unix error code 2.
2025-11-08 18:55:02,373 [ERROR] LogOutputStream:75 - [STDERR_REDIRECT] 
2025-11-08 18:55:02,373 [ERROR] LogOutputStream:75 - [STDERR_REDIRECT] Nov 08, 2025 6:55:02 PM java.util.prefs.FileSystemPreferences syncWorld
2025-11-08 18:55:02,374 [ERROR] LogOutputStream:75 - [STDERR_REDIRECT] WARNING: Couldn't flush system prefs: java.util.prefs.BackingStoreException: Couldn't get file lock.
2025-11-08 18:55:02,374 [ERROR] LogOutputStream:75 - [STDERR_REDIRECT] 
2025-11-08 18:55:32,371 [ERROR] LogOutputStream:75 - [STDERR_REDIRECT] Nov 08, 2025 6:55:32 PM java.util.prefs.FileSystemPreferences checkLockFile0ErrorCode
2025-11-08 18:55:32,371 [ERROR] LogOutputStream:75 - [STDERR_REDIRECT] WARNING: Could not lock System prefs. Unix error code 2.
2025-11-08 18:55:32,372 [ERROR] LogOutputStream:75 - [STDERR_REDIRECT] 
2025-11-08 18:55:32,372 [ERROR] LogOutputStream:75 - [STDERR_REDIRECT] Nov 08, 2025 6:55:32 PM java.util.prefs.FileSystemPreferences syncWorld
2025-11-08 18:55:32,373 [ERROR] LogOutputStream:75 - [STDERR_REDIRECT] WARNING: Couldn't flush system prefs: java.util.prefs.BackingStoreException: Couldn't get file lock.
2025-11-08 18:55:32,373 [ERROR] LogOutputStream:75 - [STDERR_REDIRECT] 
2025-11-08 18:56:02,371 [ERROR] LogOutputStream:75 - [STDERR_REDIRECT] Nov 08, 2025 6:56:02 PM java.util.prefs.FileSystemPreferences checkLockFile0ErrorCode
2025-11-08 18:56:02,372 [ERROR] LogOutputStream:75 - [STDERR_REDIRECT] WARNING: Could not lock System prefs. Unix error code 2.
2025-11-08 18:56:02,372 [ERROR] LogOutputStream:75 - [STDERR_REDIRECT] 
2025-11-08 18:56:02,373 [ERROR] LogOutputStream:75 - [STDERR_REDIRECT] Nov 08, 2025 6:56:02 PM java.util.prefs.FileSystemPreferences syncWorld
2025-11-08 18:56:02,373 [ERROR] LogOutputStream:75 - [STDERR_REDIRECT] WARNING: Couldn't flush system prefs: java.util.prefs.BackingStoreException: Couldn't get file lock.
2025-11-08 18:56:02,373 [ERROR] LogOutputStream:75 - [STDERR_REDIRECT] 
2025-11-08 18:56:32,371 [ERROR] LogOutputStream:75 - [STDERR_REDIRECT] Nov 08, 2025 6:56:32 PM java.util.prefs.FileSystemPreferences checkLockFile0ErrorCode
2025-11-08 18:56:32,372 [ERROR] LogOutputStream:75 - [STDERR_REDIRECT] WARNING: Could not lock System prefs. Unix error code 2.
2025-11-08 18:56:32,372 [ERROR] LogOutputStream:75 - [STDERR_REDIRECT] 
2025-11-08 18:56:32,372 [ERROR] LogOutputStream:75 - [STDERR_REDIRECT] Nov 08, 2025 6:56:32 PM java.util.prefs.FileSystemPreferences syncWorld
2025-11-08 18:56:32,373 [ERROR] LogOutputStream:75 - [STDERR_REDIRECT] WARNING: Couldn't flush system prefs: java.util.prefs.BackingStoreException: Couldn't get file lock.
2025-11-08 18:56:32,373 [ERROR] LogOutputStream:75 - [STDERR_REDIRECT] 
2025-11-08 18:57:02,372 [ERROR] LogOutputStream:75 - [STDERR_REDIRECT] Nov 08, 2025 6:57:02 PM java.util.prefs.FileSystemPreferences checkLockFile0ErrorCode
2025-11-08 18:57:02,373 [ERROR] LogOutputStream:75 - [STDERR_REDIRECT] WARNING: Could not lock System prefs. Unix error code 2.
2025-11-08 18:57:02,373 [ERROR] LogOutputStream:75 - [STDERR_REDIRECT] 
2025-11-08 18:57:02,373 [ERROR] LogOutputStream:75 - [STDERR_REDIRECT] Nov 08, 2025 6:57:02 PM java.util.prefs.FileSystemPreferences syncWorld
2025-11-08 18:57:02,374 [ERROR] LogOutputStream:75 - [STDERR_REDIRECT] WARNING: Couldn't flush system prefs: java.util.prefs.BackingStoreException: Couldn't get file lock.
2025-11-08 18:57:02,374 [ERROR] LogOutputStream:75 - [STDERR_REDIRECT] 
2025-11-08 18:57:32,372 [ERROR] LogOutputStream:75 - [STDERR_REDIRECT] Nov 08, 2025 6:57:32 PM java.util.prefs.FileSystemPreferences checkLockFile0ErrorCode
2025-11-08 18:57:32,373 [ERROR] LogOutputStream:75 - [STDERR_REDIRECT] WARNING: Could not lock System prefs. Unix error code 2.
2025-11-08 18:57:32,373 [ERROR] LogOutputStream:75 - [STDERR_REDIRECT] 
2025-11-08 18:57:32,374 [ERROR] LogOutputStream:75 - [STDERR_REDIRECT] Nov 08, 2025 6:57:32 PM java.util.prefs.FileSystemPreferences syncWorld
2025-11-08 18:57:32,374 [ERROR] LogOutputStream:75 - [STDERR_REDIRECT] WARNING: Couldn't flush system prefs: java.util.prefs.BackingStoreException: Couldn't get file lock.
2025-11-08 18:57:32,374 [ERROR] LogOutputStream:75 - [STDERR_REDIRECT] 
2025-11-08 18:58:02,372 [ERROR] LogOutputStream:75 - [STDERR_REDIRECT] Nov 08, 2025 6:58:02 PM java.util.prefs.FileSystemPreferences checkLockFile0ErrorCode
2025-11-08 18:58:02,373 [ERROR] LogOutputStream:75 - [STDERR_REDIRECT] WARNING: Could not lock System prefs. Unix error code 2.
2025-11-08 18:58:02,373 [ERROR] LogOutputStream:75 - [STDERR_REDIRECT] 
2025-11-08 18:58:02,374 [ERROR] LogOutputStream:75 - [STDERR_REDIRECT] Nov 08, 2025 6:58:02 PM java.util.prefs.FileSystemPreferences syncWorld
2025-11-08 18:58:02,374 [ERROR] LogOutputStream:75 - [STDERR_REDIRECT] WARNING: Couldn't flush system prefs: java.util.prefs.BackingStoreException: Couldn't get file lock.
2025-11-08 18:58:02,375 [ERROR] LogOutputStream:75 - [STDERR_REDIRECT] 
2025-11-08 18:58:32,372 [ERROR] LogOutputStream:75 - [STDERR_REDIRECT] Nov 08, 2025 6:58:32 PM java.util.prefs.FileSystemPreferences checkLockFile0ErrorCode
2025-11-08 18:58:32,372 [ERROR] LogOutputStream:75 - [STDERR_REDIRECT] WARNING: Could not lock System prefs. Unix error code 2.
2025-11-08 18:58:32,373 [ERROR] LogOutputStream:75 - [STDERR_REDIRECT] 
2025-11-08 18:58:32,373 [ERROR] LogOutputStream:75 - [STDERR_REDIRECT] Nov 08, 2025 6:58:32 PM java.util.prefs.FileSystemPreferences syncWorld
2025-11-08 18:58:32,373 [ERROR] LogOutputStream:75 - [STDERR_REDIRECT] WARNING: Couldn't flush system prefs: java.util.prefs.BackingStoreException: Couldn't get file lock.
2025-11-08 18:58:32,373 [ERROR] LogOutputStream:75 - [STDERR_REDIRECT] 
2025-11-08 18:59:02,371 [ERROR] LogOutputStream:75 - [STDERR_REDIRECT] Nov 08, 2025 6:59:02 PM java.util.prefs.FileSystemPreferences checkLockFile0ErrorCode
2025-11-08 18:59:02,372 [ERROR] LogOutputStream:75 - [STDERR_REDIRECT] WARNING: Could not lock System prefs. Unix error code 2.
2025-11-08 18:59:02,375 [ERROR] LogOutputStream:75 - [STDERR_REDIRECT] 
2025-11-08 18:59:02,376 [ERROR] LogOutputStream:75 - [STDERR_REDIRECT] Nov 08, 2025 6:59:02 PM java.util.prefs.FileSystemPreferences syncWorld
2025-11-08 18:59:02,376 [ERROR] LogOutputStream:75 - [STDERR_REDIRECT] WARNING: Couldn't flush system prefs: java.util.prefs.BackingStoreException: Couldn't get file lock.
2025-11-08 18:59:02,376 [ERROR] LogOutputStream:75 - [STDERR_REDIRECT] 
2025-11-08 18:59:32,373 [ERROR] LogOutputStream:75 - [STDERR_REDIRECT] Nov 08, 2025 6:59:32 PM java.util.prefs.FileSystemPreferences checkLockFile0ErrorCode
2025-11-08 18:59:32,374 [ERROR] LogOutputStream:75 - [STDERR_REDIRECT] WARNING: Could not lock System prefs. Unix error code 2.
2025-11-08 18:59:32,374 [ERROR] LogOutputStream:75 - [STDERR_REDIRECT] 
2025-11-08 18:59:32,375 [ERROR] LogOutputStream:75 - [STDERR_REDIRECT] Nov 08, 2025 6:59:32 PM java.util.prefs.FileSystemPreferences syncWorld
2025-11-08 18:59:32,375 [ERROR] LogOutputStream:75 - [STDERR_REDIRECT] WARNING: Couldn't flush system prefs: java.util.prefs.BackingStoreException: Couldn't get file lock.
2025-11-08 18:59:32,375 [ERROR] LogOutputStream:75 - [STDERR_REDIRECT] 
2025-11-08 19:00:02,373 [ERROR] LogOutputStream:75 - [STDERR_REDIRECT] Nov 08, 2025 7:00:02 PM java.util.prefs.FileSystemPreferences checkLockFile0ErrorCode
2025-11-08 19:00:02,373 [ERROR] LogOutputStream:75 - [STDERR_REDIRECT] WARNING: Could not lock System prefs. Unix error code 2.
2025-11-08 19:00:02,374 [ERROR] LogOutputStream:75 - [STDERR_REDIRECT] 
2025-11-08 19:00:02,374 [ERROR] LogOutputStream:75 - [STDERR_REDIRECT] Nov 08, 2025 7:00:02 PM java.util.prefs.FileSystemPreferences syncWorld
2025-11-08 19:00:02,374 [ERROR] LogOutputStream:75 - [STDERR_REDIRECT] WARNING: Couldn't flush system prefs: java.util.prefs.BackingStoreException: Couldn't get file lock.
2025-11-08 19:00:02,375 [ERROR] LogOutputStream:75 - [STDERR_REDIRECT] 
2025-11-08 19:00:32,373 [ERROR] LogOutputStream:75 - [STDERR_REDIRECT] Nov 08, 2025 7:00:32 PM java.util.prefs.FileSystemPreferences checkLockFile0ErrorCode
2025-11-08 19:00:32,374 [ERROR] LogOutputStream:75 - [STDERR_REDIRECT] WARNING: Could not lock System prefs. Unix error code 2.
2025-11-08 19:00:32,374 [ERROR] LogOutputStream:75 - [STDERR_REDIRECT] 
2025-11-08 19:00:32,375 [ERROR] LogOutputStream:75 - [STDERR_REDIRECT] Nov 08, 2025 7:00:32 PM java.util.prefs.FileSystemPreferences syncWorld
2025-11-08 19:00:32,375 [ERROR] LogOutputStream:75 - [STDERR_REDIRECT] WARNING: Couldn't flush system prefs: java.util.prefs.BackingStoreException: Couldn't get file lock.
2025-11-08 19:00:32,375 [ERROR] LogOutputStream:75 - [STDERR_REDIRECT] 
2025-11-08 19:01:02,373 [ERROR] LogOutputStream:75 - [STDERR_REDIRECT] Nov 08, 2025 7:01:02 PM java.util.prefs.FileSystemPreferences checkLockFile0ErrorCode
2025-11-08 19:01:02,374 [ERROR] LogOutputStream:75 - [STDERR_REDIRECT] WARNING: Could not lock System prefs. Unix error code 2.
2025-11-08 19:01:02,374 [ERROR] LogOutputStream:75 - [STDERR_REDIRECT] 
2025-11-08 19:01:02,375 [ERROR] LogOutputStream:75 - [STDERR_REDIRECT] Nov 08, 2025 7:01:02 PM java.util.prefs.FileSystemPreferences syncWorld
2025-11-08 19:01:02,375 [ERROR] LogOutputStream:75 - [STDERR_REDIRECT] WARNING: Couldn't flush system prefs: java.util.prefs.BackingStoreException: Couldn't get file lock.
2025-11-08 19:01:02,376 [ERROR] LogOutputStream:75 - [STDERR_REDIRECT] 
2025-11-08 19:01:32,373 [ERROR] LogOutputStream:75 - [STDERR_REDIRECT] Nov 08, 2025 7:01:32 PM java.util.prefs.FileSystemPreferences checkLockFile0ErrorCode
2025-11-08 19:01:32,374 [ERROR] LogOutputStream:75 - [STDERR_REDIRECT] WARNING: Could not lock System prefs. Unix error code 2.
2025-11-08 19:01:32,374 [ERROR] LogOutputStream:75 - [STDERR_REDIRECT] 
2025-11-08 19:01:32,375 [ERROR] LogOutputStream:75 - [STDERR_REDIRECT] Nov 08, 2025 7:01:32 PM java.util.prefs.FileSystemPreferences syncWorld
2025-11-08 19:01:32,375 [ERROR] LogOutputStream:75 - [STDERR_REDIRECT] WARNING: Couldn't flush system prefs: java.util.prefs.BackingStoreException: Couldn't get file lock.
2025-11-08 19:01:32,375 [ERROR] LogOutputStream:75 - [STDERR_REDIRECT] 
2025-11-08 19:02:02,374 [ERROR] LogOutputStream:75 - [STDERR_REDIRECT] Nov 08, 2025 7:02:02 PM java.util.prefs.FileSystemPreferences checkLockFile0ErrorCode
2025-11-08 19:02:02,375 [ERROR] LogOutputStream:75 - [STDERR_REDIRECT] WARNING: Could not lock System prefs. Unix error code 2.
2025-11-08 19:02:02,375 [ERROR] LogOutputStream:75 - [STDERR_REDIRECT] 
2025-11-08 19:02:02,375 [ERROR] LogOutputStream:75 - [STDERR_REDIRECT] Nov 08, 2025 7:02:02 PM java.util.prefs.FileSystemPreferences syncWorld
2025-11-08 19:02:02,376 [ERROR] LogOutputStream:75 - [STDERR_REDIRECT] WARNING: Couldn't flush system prefs: java.util.prefs.BackingStoreException: Couldn't get file lock.
2025-11-08 19:02:02,376 [ERROR] LogOutputStream:75 - [STDERR_REDIRECT] 
2025-11-08 19:02:32,375 [ERROR] LogOutputStream:75 - [STDERR_REDIRECT] Nov 08, 2025 7:02:32 PM java.util.prefs.FileSystemPreferences checkLockFile0ErrorCode
2025-11-08 19:02:32,375 [ERROR] LogOutputStream:75 - [STDERR_REDIRECT] WARNING: Could not lock System prefs. Unix error code 2.
2025-11-08 19:02:32,375 [ERROR] LogOutputStream:75 - [STDERR_REDIRECT] 
2025-11-08 19:02:32,376 [ERROR] LogOutputStream:75 - [STDERR_REDIRECT] Nov 08, 2025 7:02:32 PM java.util.prefs.FileSystemPreferences syncWorld
2025-11-08 19:02:32,376 [ERROR] LogOutputStream:75 - [STDERR_REDIRECT] WARNING: Couldn't flush system prefs: java.util.prefs.BackingStoreException: Couldn't get file lock.
2025-11-08 19:02:32,376 [ERROR] LogOutputStream:75 - [STDERR_REDIRECT] 
2025-11-08 19:03:02,375 [ERROR] LogOutputStream:75 - [STDERR_REDIRECT] Nov 08, 2025 7:03:02 PM java.util.prefs.FileSystemPreferences checkLockFile0ErrorCode
2025-11-08 19:03:02,376 [ERROR] LogOutputStream:75 - [STDERR_REDIRECT] WARNING: Could not lock System prefs. Unix error code 2.
2025-11-08 19:03:02,376 [ERROR] LogOutputStream:75 - [STDERR_REDIRECT] 
2025-11-08 19:03:02,376 [ERROR] LogOutputStream:75 - [STDERR_REDIRECT] Nov 08, 2025 7:03:02 PM java.util.prefs.FileSystemPreferences syncWorld
2025-11-08 19:03:02,377 [ERROR] LogOutputStream:75 - [STDERR_REDIRECT] WARNING: Couldn't flush system prefs: java.util.prefs.BackingStoreException: Couldn't get file lock.
2025-11-08 19:03:02,377 [ERROR] LogOutputStream:75 - [STDERR_REDIRECT] 
2025-11-08 19:03:32,374 [ERROR] LogOutputStream:75 - [STDERR_REDIRECT] Nov 08, 2025 7:03:32 PM java.util.prefs.FileSystemPreferences checkLockFile0ErrorCode
2025-11-08 19:03:32,375 [ERROR] LogOutputStream:75 - [STDERR_REDIRECT] WARNING: Could not lock System prefs. Unix error code 2.
2025-11-08 19:03:32,375 [ERROR] LogOutputStream:75 - [STDERR_REDIRECT] 
2025-11-08 19:03:32,376 [ERROR] LogOutputStream:75 - [STDERR_REDIRECT] Nov 08, 2025 7:03:32 PM java.util.prefs.FileSystemPreferences syncWorld
2025-11-08 19:03:32,376 [ERROR] LogOutputStream:75 - [STDERR_REDIRECT] WARNING: Couldn't flush system prefs: java.util.prefs.BackingStoreException: Couldn't get file lock.
2025-11-08 19:03:32,376 [ERROR] LogOutputStream:75 - [STDERR_REDIRECT] 
2025-11-08 19:04:02,376 [ERROR] LogOutputStream:75 - [STDERR_REDIRECT] Nov 08, 2025 7:04:02 PM java.util.prefs.FileSystemPreferences checkLockFile0ErrorCode
2025-11-08 19:04:02,376 [ERROR] LogOutputStream:75 - [STDERR_REDIRECT] WARNING: Could not lock System prefs. Unix error code 2.
2025-11-08 19:04:02,376 [ERROR] LogOutputStream:75 - [STDERR_REDIRECT] 
2025-11-08 19:04:02,377 [ERROR] LogOutputStream:75 - [STDERR_REDIRECT] Nov 08, 2025 7:04:02 PM java.util.prefs.FileSystemPreferences syncWorld
2025-11-08 19:04:02,377 [ERROR] LogOutputStream:75 - [STDERR_REDIRECT] WARNING: Couldn't flush system prefs: java.util.prefs.BackingStoreException: Couldn't get file lock.
2025-11-08 19:04:02,378 [ERROR] LogOutputStream:75 - [STDERR_REDIRECT] 
2025-11-08 19:04:32,377 [ERROR] LogOutputStream:75 - [STDERR_REDIRECT] Nov 08, 2025 7:04:32 PM java.util.prefs.FileSystemPreferences checkLockFile0ErrorCode
2025-11-08 19:04:32,377 [ERROR] LogOutputStream:75 - [STDERR_REDIRECT] WARNING: Could not lock System prefs. Unix error code 2.
2025-11-08 19:04:32,377 [ERROR] LogOutputStream:75 - [STDERR_REDIRECT] 
2025-11-08 19:04:32,378 [ERROR] LogOutputStream:75 - [STDERR_REDIRECT] Nov 08, 2025 7:04:32 PM java.util.prefs.FileSystemPreferences syncWorld
2025-11-08 19:04:32,378 [ERROR] LogOutputStream:75 - [STDERR_REDIRECT] WARNING: Couldn't flush system prefs: java.util.prefs.BackingStoreException: Couldn't get file lock.
2025-11-08 19:04:32,378 [ERROR] LogOutputStream:75 - [STDERR_REDIRECT] 
2025-11-08 19:05:02,377 [ERROR] LogOutputStream:75 - [STDERR_REDIRECT] Nov 08, 2025 7:05:02 PM java.util.prefs.FileSystemPreferences checkLockFile0ErrorCode
2025-11-08 19:05:02,377 [ERROR] LogOutputStream:75 - [STDERR_REDIRECT] WARNING: Could not lock System prefs. Unix error code 2.
2025-11-08 19:05:02,378 [ERROR] LogOutputStream:75 - [STDERR_REDIRECT] 
2025-11-08 19:05:02,378 [ERROR] LogOutputStream:75 - [STDERR_REDIRECT] Nov 08, 2025 7:05:02 PM java.util.prefs.FileSystemPreferences syncWorld
2025-11-08 19:05:02,378 [ERROR] LogOutputStream:75 - [STDERR_REDIRECT] WARNING: Couldn't flush system prefs: java.util.prefs.BackingStoreException: Couldn't get file lock.
2025-11-08 19:05:02,379 [ERROR] LogOutputStream:75 - [STDERR_REDIRECT] 
2025-11-08 19:05:32,376 [ERROR] LogOutputStream:75 - [STDERR_REDIRECT] Nov 08, 2025 7:05:32 PM java.util.prefs.FileSystemPreferences checkLockFile0ErrorCode
2025-11-08 19:05:32,377 [ERROR] LogOutputStream:75 - [STDERR_REDIRECT] WARNING: Could not lock System prefs. Unix error code 2.
2025-11-08 19:05:32,377 [ERROR] LogOutputStream:75 - [STDERR_REDIRECT] 
2025-11-08 19:05:32,377 [ERROR] LogOutputStream:75 - [STDERR_REDIRECT] Nov 08, 2025 7:05:32 PM java.util.prefs.FileSystemPreferences syncWorld
2025-11-08 19:05:32,378 [ERROR] LogOutputStream:75 - [STDERR_REDIRECT] WARNING: Couldn't flush system prefs: java.util.prefs.BackingStoreException: Couldn't get file lock.
2025-11-08 19:05:32,378 [ERROR] LogOutputStream:75 - [STDERR_REDIRECT] 
2025-11-08 19:06:02,377 [ERROR] LogOutputStream:75 - [STDERR_REDIRECT] Nov 08, 2025 7:06:02 PM java.util.prefs.FileSystemPreferences checkLockFile0ErrorCode
2025-11-08 19:06:02,378 [ERROR] LogOutputStream:75 - [STDERR_REDIRECT] WARNING: Could not lock System prefs. Unix error code 2.
2025-11-08 19:06:02,378 [ERROR] LogOutputStream:75 - [STDERR_REDIRECT] 
2025-11-08 19:06:02,378 [ERROR] LogOutputStream:75 - [STDERR_REDIRECT] Nov 08, 2025 7:06:02 PM java.util.prefs.FileSystemPreferences syncWorld
2025-11-08 19:06:02,379 [ERROR] LogOutputStream:75 - [STDERR_REDIRECT] WARNING: Couldn't flush system prefs: java.util.prefs.BackingStoreException: Couldn't get file lock.
2025-11-08 19:06:02,379 [ERROR] LogOutputStream:75 - [STDERR_REDIRECT] 
2025-11-08 19:06:32,377 [ERROR] LogOutputStream:75 - [STDERR_REDIRECT] Nov 08, 2025 7:06:32 PM java.util.prefs.FileSystemPreferences checkLockFile0ErrorCode
2025-11-08 19:06:32,377 [ERROR] LogOutputStream:75 - [STDERR_REDIRECT] WARNING: Could not lock System prefs. Unix error code 2.
2025-11-08 19:06:32,377 [ERROR] LogOutputStream:75 - [STDERR_REDIRECT] 
2025-11-08 19:06:32,378 [ERROR] LogOutputStream:75 - [STDERR_REDIRECT] Nov 08, 2025 7:06:32 PM java.util.prefs.FileSystemPreferences syncWorld
2025-11-08 19:06:32,379 [ERROR] LogOutputStream:75 - [STDERR_REDIRECT] WARNING: Couldn't flush system prefs: java.util.prefs.BackingStoreException: Couldn't get file lock.
2025-11-08 19:06:32,379 [ERROR] LogOutputStream:75 - [STDERR_REDIRECT] 
2025-11-08 19:07:02,377 [ERROR] LogOutputStream:75 - [STDERR_REDIRECT] Nov 08, 2025 7:07:02 PM java.util.prefs.FileSystemPreferences checkLockFile0ErrorCode
2025-11-08 19:07:02,377 [ERROR] LogOutputStream:75 - [STDERR_REDIRECT] WARNING: Could not lock System prefs. Unix error code 2.
2025-11-08 19:07:02,378 [ERROR] LogOutputStream:75 - [STDERR_REDIRECT] 
2025-11-08 19:07:02,378 [ERROR] LogOutputStream:75 - [STDERR_REDIRECT] Nov 08, 2025 7:07:02 PM java.util.prefs.FileSystemPreferences syncWorld
2025-11-08 19:07:02,378 [ERROR] LogOutputStream:75 - [STDERR_REDIRECT] WARNING: Couldn't flush system prefs: java.util.prefs.BackingStoreException: Couldn't get file lock.
2025-11-08 19:07:02,379 [ERROR] LogOutputStream:75 - [STDERR_REDIRECT] 
2025-11-08 19:07:32,377 [ERROR] LogOutputStream:75 - [STDERR_REDIRECT] Nov 08, 2025 7:07:32 PM java.util.prefs.FileSystemPreferences checkLockFile0ErrorCode
2025-11-08 19:07:32,377 [ERROR] LogOutputStream:75 - [STDERR_REDIRECT] WARNING: Could not lock System prefs. Unix error code 2.
2025-11-08 19:07:32,378 [ERROR] LogOutputStream:75 - [STDERR_REDIRECT] 
2025-11-08 19:07:32,378 [ERROR] LogOutputStream:75 - [STDERR_REDIRECT] Nov 08, 2025 7:07:32 PM java.util.prefs.FileSystemPreferences syncWorld
2025-11-08 19:07:32,379 [ERROR] LogOutputStream:75 - [STDERR_REDIRECT] WARNING: Couldn't flush system prefs: java.util.prefs.BackingStoreException: Couldn't get file lock.
2025-11-08 19:07:32,379 [ERROR] LogOutputStream:75 - [STDERR_REDIRECT] 
2025-11-08 19:08:02,377 [ERROR] LogOutputStream:75 - [STDERR_REDIRECT] Nov 08, 2025 7:08:02 PM java.util.prefs.FileSystemPreferences checkLockFile0ErrorCode
2025-11-08 19:08:02,377 [ERROR] LogOutputStream:75 - [STDERR_REDIRECT] WARNING: Could not lock System prefs. Unix error code 2.
2025-11-08 19:08:02,378 [ERROR] LogOutputStream:75 - [STDERR_REDIRECT] 
2025-11-08 19:08:02,378 [ERROR] LogOutputStream:75 - [STDERR_REDIRECT] Nov 08, 2025 7:08:02 PM java.util.prefs.FileSystemPreferences syncWorld
2025-11-08 19:08:02,378 [ERROR] LogOutputStream:75 - [STDERR_REDIRECT] WARNING: Couldn't flush system prefs: java.util.prefs.BackingStoreException: Couldn't get file lock.
2025-11-08 19:08:02,379 [ERROR] LogOutputStream:75 - [STDERR_REDIRECT] 
2025-11-08 19:08:32,377 [ERROR] LogOutputStream:75 - [STDERR_REDIRECT] Nov 08, 2025 7:08:32 PM java.util.prefs.FileSystemPreferences checkLockFile0ErrorCode
2025-11-08 19:08:32,378 [ERROR] LogOutputStream:75 - [STDERR_REDIRECT] WARNING: Could not lock System prefs. Unix error code 2.
2025-11-08 19:08:32,378 [ERROR] LogOutputStream:75 - [STDERR_REDIRECT] 
2025-11-08 19:08:32,379 [ERROR] LogOutputStream:75 - [STDERR_REDIRECT] Nov 08, 2025 7:08:32 PM java.util.prefs.FileSystemPreferences syncWorld
2025-11-08 19:08:32,379 [ERROR] LogOutputStream:75 - [STDERR_REDIRECT] WARNING: Couldn't flush system prefs: java.util.prefs.BackingStoreException: Couldn't get file lock.
2025-11-08 19:08:32,379 [ERROR] LogOutputStream:75 - [STDERR_REDIRECT] 
2025-11-08 19:09:02,377 [ERROR] LogOutputStream:75 - [STDERR_REDIRECT] Nov 08, 2025 7:09:02 PM java.util.prefs.FileSystemPreferences checkLockFile0ErrorCode
2025-11-08 19:09:02,378 [ERROR] LogOutputStream:75 - [STDERR_REDIRECT] WARNING: Could not lock System prefs. Unix error code 2.
2025-11-08 19:09:02,378 [ERROR] LogOutputStream:75 - [STDERR_REDIRECT] 
2025-11-08 19:09:02,379 [ERROR] LogOutputStream:75 - [STDERR_REDIRECT] Nov 08, 2025 7:09:02 PM java.util.prefs.FileSystemPreferences syncWorld
2025-11-08 19:09:02,379 [ERROR] LogOutputStream:75 - [STDERR_REDIRECT] WARNING: Couldn't flush system prefs: java.util.prefs.BackingStoreException: Couldn't get file lock.
2025-11-08 19:09:02,379 [ERROR] LogOutputStream:75 - [STDERR_REDIRECT] 
